
Start-Date: 2021-12-02  15:55:01
End-Date: 2021-12-02  15:55:01

Start-Date: 2021-12-02  15:58:04
Commandline: apt-get install -qqy grub-pc shim-signed
Install: libefivar1:amd64 (34-1, automatic), efibootmgr:amd64 (15-1, automatic), libefiboot1:amd64 (34-1, automatic), sbsigntool:amd64 (0.9.2-2ubuntu1~18.04.1, automatic), grub-efi-amd64-bin:amd64 (2.04-1ubuntu44.1.2, automatic), mokutil:amd64 (0.3.0+1538710437.fb6250f-0ubuntu2~18.04.1, automatic), shim-signed:amd64 (1.37~18.04.11+15.4-0ubuntu9), grub-efi-amd64-signed:amd64 (1.167~18.04.5+2.04-1ubuntu44.1.2, automatic), secureboot-db:amd64 (1.4~ubuntu0.18.04.1, automatic)
End-Date: 2021-12-02  15:58:06

Start-Date: 2021-12-02  16:10:27
Commandline: apt-get -y install keyutils lsscsi python-six python-parted
Install: python-six:amd64 (1.11.0-2), lsscsi:amd64 (0.28-0.1), python2.7-minimal:amd64 (2.7.17-1~18.04ubuntu1.6, automatic), python-parted:amd64 (3.11.1-1ubuntu2), python2.7:amd64 (2.7.17-1~18.04ubuntu1.6, automatic), python:amd64 (2.7.15~rc1-1, automatic), libpython-stdlib:amd64 (2.7.15~rc1-1, automatic), libpython2.7-minimal:amd64 (2.7.17-1~18.04ubuntu1.6, automatic), keyutils:amd64 (1.5.9-9.2ubuntu2), libpython2.7-stdlib:amd64 (2.7.17-1~18.04ubuntu1.6, automatic), python-minimal:amd64 (2.7.15~rc1-1, automatic)
End-Date: 2021-12-02  16:10:30

Start-Date: 2021-12-02  16:10:34
Commandline: apt-get -y purge grub-legacy-ec2 linux-image-virtual linux-.*-generic walinuxagent+ cifs-utils+ linux-azure+
Install: linux-modules-5.4.0-1064-azure:amd64 (5.4.0-1064.67~18.04.1, automatic), libldb1:amd64 (2:1.2.3-1ubuntu0.2, automatic), python-tdb:amd64 (1.3.15-2, automatic), libcups2:amd64 (2.2.7-1ubuntu2.8, automatic), iw:amd64 (4.14-0.1, automatic), python-samba:amd64 (2:4.7.6+dfsg~ubuntu-0ubuntu2.24, automatic), linux-cloud-tools-5.4.0-1064-azure:amd64 (5.4.0-1064.67~18.04.1, automatic), libdw1:amd64 (0.170-0.4ubuntu0.1, automatic), libnl-genl-3-200:amd64 (3.2.29-0ubuntu3, automatic), libwbclient0:amd64 (2:4.7.6+dfsg~ubuntu-0ubuntu2.24, automatic), linux-azure:amd64 (5.4.0.1064.44), linux-azure-5.4-cloud-tools-5.4.0-1064:amd64 (5.4.0-1064.67~18.04.1, automatic), linux-image-azure:amd64 (5.4.0.1064.44, automatic), libavahi-common-data:amd64 (0.7-3.1ubuntu1.3, automatic), libavahi-common3:amd64 (0.7-3.1ubuntu1.3, automatic), libpython2.7:amd64 (2.7.17-1~18.04ubuntu1.6, automatic), linux-headers-azure:amd64 (5.4.0.1064.44, automatic), linux-cloud-tools-common:amd64 (4.15.0-163.171, automatic), cifs-utils:amd64 (2:6.8-1ubuntu1.1), libtalloc2:amd64 (2.1.10-2ubuntu1, automatic), python-talloc:amd64 (2.1.10-2ubuntu1, automatic), samba-libs:amd64 (2:4.7.6+dfsg~ubuntu-0ubuntu2.24, automatic), python-crypto:amd64 (2.6.1-8ubuntu2, automatic), linux-tools-azure:amd64 (5.4.0.1064.44, automatic), samba-common:amd64 (2:4.7.6+dfsg~ubuntu-0ubuntu2.24, automatic), libnl-3-200:amd64 (3.2.29-0ubuntu3, automatic), linux-image-5.4.0-1064-azure:amd64 (5.4.0-1064.67~18.04.1, automatic), linux-azure-5.4-tools-5.4.0-1064:amd64 (5.4.0-1064.67~18.04.1, automatic), samba-common-bin:amd64 (2:4.7.6+dfsg~ubuntu-0ubuntu2.24, automatic), libtdb1:amd64 (1.3.15-2, automatic), linux-cloud-tools-azure:amd64 (5.4.0.1064.44, automatic), crda:amd64 (3.18-1build1, automatic), linux-azure-5.4-headers-5.4.0-1064:amd64 (5.4.0-1064.67~18.04.1, automatic), linux-tools-common:amd64 (4.15.0-163.171, automatic), python-ldb:amd64 (2:1.2.3-1ubuntu0.2, automatic), libjansson4:amd64 (2.11-1, automatic), linux-headers-5.4.0-1064-azure:amd64 (5.4.0-1064.67~18.04.1, automatic), linux-tools-5.4.0-1064-azure:amd64 (5.4.0-1064.67~18.04.1, automatic), linux-base-sgx:amd64 (4.5ubuntu1.7, automatic), libavahi-client3:amd64 (0.7-3.1ubuntu1.3, automatic), libtevent0:amd64 (0.9.34-1, automatic), walinuxagent:amd64 (2.2.45-0ubuntu1~18.04.1), wireless-regdb:amd64 (2021.08.28-0ubuntu1~18.04.1, automatic), linux-modules-extra-5.4.0-1064-azure:amd64 (5.4.0-1064.67~18.04.1, automatic)
Purge: linux-headers-4.15.0-163-generic:amd64 (4.15.0-163.171), linux-headers-generic:amd64 (4.15.0.163.152), linux-modules-4.15.0-163-generic:amd64 (4.15.0-163.171), grub-legacy-ec2:amd64 (1:1), linux-virtual:amd64 (4.15.0.163.152), linux-headers-virtual:amd64 (4.15.0.163.152), linux-image-virtual:amd64 (4.15.0.163.152), linux-image-4.15.0-163-generic:amd64 (4.15.0-163.171)
End-Date: 2021-12-02  16:11:00

Start-Date: 2021-12-08  06:51:42
Commandline: /usr/bin/unattended-upgrade
Remove: linux-headers-4.15.0-163:amd64 (4.15.0-163.171)
End-Date: 2021-12-08  06:51:44

Start-Date: 2021-12-08  06:51:49
Commandline: /usr/bin/unattended-upgrade
Upgrade: busybox-initramfs:amd64 (1:1.27.2-2ubuntu3.3, 1:1.27.2-2ubuntu3.4)
End-Date: 2021-12-08  06:51:50

Start-Date: 2021-12-08  06:51:52
Commandline: /usr/bin/unattended-upgrade
Upgrade: busybox-static:amd64 (1:1.27.2-2ubuntu3.3, 1:1.27.2-2ubuntu3.4)
End-Date: 2021-12-08  06:52:10

Start-Date: 2021-12-08  06:52:13
Commandline: /usr/bin/unattended-upgrade
Upgrade: python-samba:amd64 (2:4.7.6+dfsg~ubuntu-0ubuntu2.24, 2:4.7.6+dfsg~ubuntu-0ubuntu2.26), libwbclient0:amd64 (2:4.7.6+dfsg~ubuntu-0ubuntu2.24, 2:4.7.6+dfsg~ubuntu-0ubuntu2.26), samba-libs:amd64 (2:4.7.6+dfsg~ubuntu-0ubuntu2.24, 2:4.7.6+dfsg~ubuntu-0ubuntu2.26), samba-common:amd64 (2:4.7.6+dfsg~ubuntu-0ubuntu2.24, 2:4.7.6+dfsg~ubuntu-0ubuntu2.26), samba-common-bin:amd64 (2:4.7.6+dfsg~ubuntu-0ubuntu2.24, 2:4.7.6+dfsg~ubuntu-0ubuntu2.26)
End-Date: 2021-12-08  06:52:19
