2021-12-07T11:06:20.242733Z INFO ExtHandler [Microsoft.Azure.Extensions.CustomScript-2.1.6] Target handler state: enabled [incarnation 2]
2021-12-07T11:06:20.243945Z INFO ExtHandler [Microsoft.Azure.Extensions.CustomScript-2.1.6] [Enable] current handler state is: notinstalled
2021-12-07T11:06:20.244569Z INFO ExtHandler [Microsoft.Azure.Extensions.CustomScript-2.1.6] Downloading extension package: https://umsam3zbnjzwjqz5bhmh.blob.core.windows.net/5237dd14-0aad-f051-0fad-1e33e1b63091/5237dd14-0aad-f051-0fad-1e33e1b63091_2.1.6.zip
2021-12-07T11:06:20.411085Z INFO ExtHandler [Microsoft.Azure.Extensions.CustomScript-2.1.6] Unzipping extension package: /var/lib/waagent/Microsoft.Azure.Extensions.CustomScript__2.1.6.zip
2021-12-07T11:06:20.754898Z INFO ExtHandler [Microsoft.Azure.Extensions.CustomScript-2.1.6] Initializing extension Microsoft.Azure.Extensions.CustomScript-2.1.6
2021-12-07T11:06:20.758341Z INFO ExtHandler [Microsoft.Azure.Extensions.CustomScript-2.1.6] Update settings file: 0.settings
2021-12-07T11:06:20.762231Z INFO ExtHandler [Microsoft.Azure.Extensions.CustomScript-2.1.6] Install extension [bin/custom-script-shim install]
2021-12-07T11:06:20.762802Z INFO ExtHandler [Microsoft.Azure.Extensions.CustomScript-2.1.6] Executing command: /var/lib/waagent/Microsoft.Azure.Extensions.CustomScript-2.1.6/bin/custom-script-shim install with environment variables: {"AZURE_GUEST_AGENT_UNINSTALL_CMD_EXIT_CODE": "NOT_RUN", "AZURE_GUEST_AGENT_EXTENSION_PATH": "/var/lib/waagent/Microsoft.Azure.Extensions.CustomScript-2.1.6", "AZURE_GUEST_AGENT_EXTENSION_VERSION": "2.1.6", "AZURE_GUEST_AGENT_WIRE_PROTOCOL_ADDRESS": "168.63.129.16", "ConfigSequenceNumber": "0", "AZURE_GUEST_AGENT_EXTENSION_SUPPORTED_FEATURES": "[{\"Key\": \"ExtensionTelemetryPipeline\", \"Value\": \"1.0\"}]"}
2021-12-07T11:06:22.774248Z INFO ExtHandler [Microsoft.Azure.Extensions.CustomScript-2.1.6] Command: bin/custom-script-shim install
[stdout]
+ /var/lib/waagent/Microsoft.Azure.Extensions.CustomScript-2.1.6/bin/custom-script-extension install
time=2021-12-07T11:06:20Z version=v2.1.6/git@fc181d8-dirty operation=install seq=0 event=start
time=2021-12-07T11:06:20Z version=v2.1.6/git@fc181d8-dirty operation=install seq=0 status="not reported for operation (by design)"
time=2021-12-07T11:06:20Z version=v2.1.6/git@fc181d8-dirty operation=install seq=0 event="migrate to mrseq" error="Can't find out seqnum from /var/lib/waagent/Microsoft.Azure.Extensions.CustomScript-2.1.6/status, not enough files"
time=2021-12-07T11:06:20Z version=v2.1.6/git@fc181d8-dirty operation=install seq=0 event="created data dir" path=/var/lib/waagent/custom-script
time=2021-12-07T11:06:20Z version=v2.1.6/git@fc181d8-dirty operation=install seq=0 event=installed
time=2021-12-07T11:06:20Z version=v2.1.6/git@fc181d8-dirty operation=install seq=0 status="not reported for operation (by design)"
time=2021-12-07T11:06:20Z version=v2.1.6/git@fc181d8-dirty operation=install seq=0 event=end
[stderr]
Running scope as unit: install_75af8459-b386-4d92-8136-f790de8b8dfc.scope
2021-12-07T11:06:22.775382Z INFO ExtHandler [Microsoft.Azure.Extensions.CustomScript-2.1.6] Requested extension state: enabled
2021-12-07T11:06:22.775654Z INFO ExtHandler [Microsoft.Azure.Extensions.CustomScript-2.1.6] Enable extension: [bin/custom-script-shim enable]
2021-12-07T11:06:22.775982Z INFO ExtHandler [Microsoft.Azure.Extensions.CustomScript-2.1.6] Executing command: /var/lib/waagent/Microsoft.Azure.Extensions.CustomScript-2.1.6/bin/custom-script-shim enable with environment variables: {"AZURE_GUEST_AGENT_UNINSTALL_CMD_EXIT_CODE": "NOT_RUN", "AZURE_GUEST_AGENT_EXTENSION_PATH": "/var/lib/waagent/Microsoft.Azure.Extensions.CustomScript-2.1.6", "AZURE_GUEST_AGENT_EXTENSION_VERSION": "2.1.6", "AZURE_GUEST_AGENT_WIRE_PROTOCOL_ADDRESS": "168.63.129.16", "ConfigSequenceNumber": "0", "AZURE_GUEST_AGENT_EXTENSION_SUPPORTED_FEATURES": "[{\"Key\": \"ExtensionTelemetryPipeline\", \"Value\": \"1.0\"}]"}
2021-12-07T11:06:24.784632Z INFO ExtHandler [Microsoft.Azure.Extensions.CustomScript-2.1.6] Command: bin/custom-script-shim enable
[stdout]
Writing a placeholder status file indicating progress before forking: /var/lib/waagent/Microsoft.Azure.Extensions.CustomScript-2.1.6/status/0.status
+ nohup /var/lib/waagent/Microsoft.Azure.Extensions.CustomScript-2.1.6/bin/custom-script-extension enable
time=2021-12-07T11:06:22Z version=v2.1.6/git@fc181d8-dirty operation=enable seq=0 event=start
time=2021-12-07T11:06:22Z version=v2.1.6/git@fc181d8-dirty operation=enable seq=0 event=pre-check
time=2021-12-07T11:06:22Z version=v2.1.6/git@fc181d8-dirty operation=enable seq=0 event="comparing seqnum" path=mrseq
time=2021-12-07T11:06:22Z version=v2.1.6/git@fc181d8-dirty operation=enable seq=0 event="seqnum saved" path=mrseq
time=2021-12-07T11:06:22Z version=v2.1.6/git@fc181d8-dirty operation=enable seq=0 event="reading configuration"
time=2021-12-07T11:06:22Z version=v2.1.6/git@fc181d8-dirty operation=enable seq=0 event="read configuration"
time=2021-12-07T11:06:22Z version=v2.1.6/git@fc181d8-dirty operation=enable seq=0 event="validating json schema"
time=2021-12-07T11:06:22Z version=v2.1.6/git@fc181d8-dirty operation=enable seq=0 event="json schema valid"
time=2021-12-07T11:06:22Z version=v2.1.6/git@fc181d8-dirty operation=enable seq=0 event="parsing configuration json"
time=2021-12-07T11:06:22Z version=v2.1.6/git@fc181d8-dirty operation=enable seq=0 event="parsed configuration json"
time=2021-12-07T11:06:22Z version=v2.1.6/git@fc181d8-dirty operation=enable seq=0 event="validating configuration logically"
time=2021-12-07T11:06:22Z version=v2.1.6/git@fc181d8-dirty operation=enable seq=0 event="validated configuration"
time=2021-12-07T11:06:22Z version=v2.1.6/git@fc181d8-dirty operation=enable seq=0 event="creating output directory" path=/var/lib/waagent/custom-script/download/0
time=2021-12-07T11:06:22Z version=v2.1.6/git@fc181d8-dirty operation=enable seq=0 event="created output directory"
time=2021-12-07T11:06:22Z version=v2.1.6/git@fc181d8-dirty operation=enable seq=0 files=1
time=2021-12-07T11:06:22Z version=v2.1.6/git@fc181d8-dirty operation=enable seq=0 file=0 event="download start"
time=2021-12-07T11:06:23Z version=v2.1.6/git@fc181d8-dirty operation=enable seq=0 file=0 event="download complete" output=/var/lib/waagent/custom-script/download/0
time=2021-12-07T11:06:23Z version=v2.1.6/git@fc181d8-dirty operation=enable seq=0 event="executing command" output=/var/lib/waagent/custom-script/download/0
time=2021-12-07T11:06:23Z version=v2.1.6/git@fc181d8-dirty operation=enable seq=0 event="executing protected commandToExecute" output=/var/lib/waagent/custom-script/download/0
time=2021-12-07T11:06:23Z version=v2.1.6/git@fc181d8-dirty operation=enable seq=0 event="failed to execute command" error="command terminated with exit status=2" output=/var/lib/waagent/custom-script/download/0
time=2021-12-07T11:06:23Z version=v2.1.6/git@fc181d8-dirty operation=enable seq=0 event="enable failed"
time=2021-12-07T11:06:23Z version=v2.1.6/git@fc181d8-dirty operation=enable seq=0 event="failed to handle" error="failed to execute command: command terminated with exit status=2"
[stderr]
Running scope as unit: enable_4316c02a-869a-4610-b6ed-fef789767d45.scope
