2021-12-02 15:58:04 startup archives unpack
2021-12-02 15:58:04 install libefivar1:amd64 <none> 34-1
2021-12-02 15:58:04 status triggers-pending libc-bin:amd64 2.27-3ubuntu1.4
2021-12-02 15:58:04 status half-installed libefivar1:amd64 34-1
2021-12-02 15:58:04 status unpacked libefivar1:amd64 34-1
2021-12-02 15:58:04 status unpacked libefivar1:amd64 34-1
2021-12-02 15:58:04 install libefiboot1:amd64 <none> 34-1
2021-12-02 15:58:04 status half-installed libefiboot1:amd64 34-1
2021-12-02 15:58:04 status unpacked libefiboot1:amd64 34-1
2021-12-02 15:58:04 status unpacked libefiboot1:amd64 34-1
2021-12-02 15:58:04 install efibootmgr:amd64 <none> 15-1
2021-12-02 15:58:04 status half-installed efibootmgr:amd64 15-1
2021-12-02 15:58:04 status triggers-pending man-db:amd64 2.8.3-2ubuntu0.1
2021-12-02 15:58:04 status unpacked efibootmgr:amd64 15-1
2021-12-02 15:58:05 status unpacked efibootmgr:amd64 15-1
2021-12-02 15:58:05 install grub-efi-amd64-bin:amd64 <none> 2.04-1ubuntu44.1.2
2021-12-02 15:58:05 status half-installed grub-efi-amd64-bin:amd64 2.04-1ubuntu44.1.2
2021-12-02 15:58:05 status unpacked grub-efi-amd64-bin:amd64 2.04-1ubuntu44.1.2
2021-12-02 15:58:05 status unpacked grub-efi-amd64-bin:amd64 2.04-1ubuntu44.1.2
2021-12-02 15:58:05 install grub-efi-amd64-signed:amd64 <none> 1.167~18.04.5+2.04-1ubuntu44.1.2
2021-12-02 15:58:05 status half-installed grub-efi-amd64-signed:amd64 1.167~18.04.5+2.04-1ubuntu44.1.2
2021-12-02 15:58:05 status unpacked grub-efi-amd64-signed:amd64 1.167~18.04.5+2.04-1ubuntu44.1.2
2021-12-02 15:58:05 status unpacked grub-efi-amd64-signed:amd64 1.167~18.04.5+2.04-1ubuntu44.1.2
2021-12-02 15:58:05 install mokutil:amd64 <none> 0.3.0+1538710437.fb6250f-0ubuntu2~18.04.1
2021-12-02 15:58:05 status half-installed mokutil:amd64 0.3.0+1538710437.fb6250f-0ubuntu2~18.04.1
2021-12-02 15:58:05 status unpacked mokutil:amd64 0.3.0+1538710437.fb6250f-0ubuntu2~18.04.1
2021-12-02 15:58:05 status unpacked mokutil:amd64 0.3.0+1538710437.fb6250f-0ubuntu2~18.04.1
2021-12-02 15:58:05 install sbsigntool:amd64 <none> 0.9.2-2ubuntu1~18.04.1
2021-12-02 15:58:05 status half-installed sbsigntool:amd64 0.9.2-2ubuntu1~18.04.1
2021-12-02 15:58:05 status unpacked sbsigntool:amd64 0.9.2-2ubuntu1~18.04.1
2021-12-02 15:58:05 status unpacked sbsigntool:amd64 0.9.2-2ubuntu1~18.04.1
2021-12-02 15:58:05 install secureboot-db:amd64 <none> 1.4~ubuntu0.18.04.1
2021-12-02 15:58:05 status half-installed secureboot-db:amd64 1.4~ubuntu0.18.04.1
2021-12-02 15:58:05 status unpacked secureboot-db:amd64 1.4~ubuntu0.18.04.1
2021-12-02 15:58:05 status unpacked secureboot-db:amd64 1.4~ubuntu0.18.04.1
2021-12-02 15:58:05 install shim-signed:amd64 <none> 1.37~18.04.11+15.4-0ubuntu9
2021-12-02 15:58:05 status half-installed shim-signed:amd64 1.37~18.04.11+15.4-0ubuntu9
2021-12-02 15:58:05 status unpacked shim-signed:amd64 1.37~18.04.11+15.4-0ubuntu9
2021-12-02 15:58:05 status unpacked shim-signed:amd64 1.37~18.04.11+15.4-0ubuntu9
2021-12-02 15:58:05 startup packages configure
2021-12-02 15:58:05 configure grub-efi-amd64-bin:amd64 2.04-1ubuntu44.1.2 <none>
2021-12-02 15:58:05 status unpacked grub-efi-amd64-bin:amd64 2.04-1ubuntu44.1.2
2021-12-02 15:58:05 status half-configured grub-efi-amd64-bin:amd64 2.04-1ubuntu44.1.2
2021-12-02 15:58:05 status installed grub-efi-amd64-bin:amd64 2.04-1ubuntu44.1.2
2021-12-02 15:58:05 configure libefivar1:amd64 34-1 <none>
2021-12-02 15:58:05 status unpacked libefivar1:amd64 34-1
2021-12-02 15:58:05 status half-configured libefivar1:amd64 34-1
2021-12-02 15:58:05 status installed libefivar1:amd64 34-1
2021-12-02 15:58:05 configure grub-efi-amd64-signed:amd64 1.167~18.04.5+2.04-1ubuntu44.1.2 <none>
2021-12-02 15:58:05 status unpacked grub-efi-amd64-signed:amd64 1.167~18.04.5+2.04-1ubuntu44.1.2
2021-12-02 15:58:05 status half-configured grub-efi-amd64-signed:amd64 1.167~18.04.5+2.04-1ubuntu44.1.2
2021-12-02 15:58:05 status installed grub-efi-amd64-signed:amd64 1.167~18.04.5+2.04-1ubuntu44.1.2
2021-12-02 15:58:05 configure sbsigntool:amd64 0.9.2-2ubuntu1~18.04.1 <none>
2021-12-02 15:58:05 status unpacked sbsigntool:amd64 0.9.2-2ubuntu1~18.04.1
2021-12-02 15:58:05 status half-configured sbsigntool:amd64 0.9.2-2ubuntu1~18.04.1
2021-12-02 15:58:05 status installed sbsigntool:amd64 0.9.2-2ubuntu1~18.04.1
2021-12-02 15:58:05 configure libefiboot1:amd64 34-1 <none>
2021-12-02 15:58:05 status unpacked libefiboot1:amd64 34-1
2021-12-02 15:58:05 status half-configured libefiboot1:amd64 34-1
2021-12-02 15:58:05 status installed libefiboot1:amd64 34-1
2021-12-02 15:58:05 configure mokutil:amd64 0.3.0+1538710437.fb6250f-0ubuntu2~18.04.1 <none>
2021-12-02 15:58:05 status unpacked mokutil:amd64 0.3.0+1538710437.fb6250f-0ubuntu2~18.04.1
2021-12-02 15:58:05 status half-configured mokutil:amd64 0.3.0+1538710437.fb6250f-0ubuntu2~18.04.1
2021-12-02 15:58:05 status installed mokutil:amd64 0.3.0+1538710437.fb6250f-0ubuntu2~18.04.1
2021-12-02 15:58:05 configure secureboot-db:amd64 1.4~ubuntu0.18.04.1 <none>
2021-12-02 15:58:05 status unpacked secureboot-db:amd64 1.4~ubuntu0.18.04.1
2021-12-02 15:58:05 status half-configured secureboot-db:amd64 1.4~ubuntu0.18.04.1
2021-12-02 15:58:05 status installed secureboot-db:amd64 1.4~ubuntu0.18.04.1
2021-12-02 15:58:05 configure efibootmgr:amd64 15-1 <none>
2021-12-02 15:58:05 status unpacked efibootmgr:amd64 15-1
2021-12-02 15:58:05 status half-configured efibootmgr:amd64 15-1
2021-12-02 15:58:05 status installed efibootmgr:amd64 15-1
2021-12-02 15:58:05 configure shim-signed:amd64 1.37~18.04.11+15.4-0ubuntu9 <none>
2021-12-02 15:58:05 status unpacked shim-signed:amd64 1.37~18.04.11+15.4-0ubuntu9
2021-12-02 15:58:05 status half-configured shim-signed:amd64 1.37~18.04.11+15.4-0ubuntu9
2021-12-02 15:58:05 status installed shim-signed:amd64 1.37~18.04.11+15.4-0ubuntu9
2021-12-02 15:58:05 trigproc man-db:amd64 2.8.3-2ubuntu0.1 <none>
2021-12-02 15:58:05 status half-configured man-db:amd64 2.8.3-2ubuntu0.1
2021-12-02 15:58:06 status installed man-db:amd64 2.8.3-2ubuntu0.1
2021-12-02 15:58:06 trigproc libc-bin:amd64 2.27-3ubuntu1.4 <none>
2021-12-02 15:58:06 status half-configured libc-bin:amd64 2.27-3ubuntu1.4
2021-12-02 15:58:06 status installed libc-bin:amd64 2.27-3ubuntu1.4
2021-12-02 16:10:27 startup archives unpack
2021-12-02 16:10:27 install libpython2.7-minimal:amd64 <none> 2.7.17-1~18.04ubuntu1.6
2021-12-02 16:10:27 status half-installed libpython2.7-minimal:amd64 2.7.17-1~18.04ubuntu1.6
2021-12-02 16:10:27 status unpacked libpython2.7-minimal:amd64 2.7.17-1~18.04ubuntu1.6
2021-12-02 16:10:27 status unpacked libpython2.7-minimal:amd64 2.7.17-1~18.04ubuntu1.6
2021-12-02 16:10:27 install python2.7-minimal:amd64 <none> 2.7.17-1~18.04ubuntu1.6
2021-12-02 16:10:27 status half-installed python2.7-minimal:amd64 2.7.17-1~18.04ubuntu1.6
2021-12-02 16:10:28 status triggers-pending man-db:amd64 2.8.3-2ubuntu0.1
2021-12-02 16:10:28 status unpacked python2.7-minimal:amd64 2.7.17-1~18.04ubuntu1.6
2021-12-02 16:10:28 status unpacked python2.7-minimal:amd64 2.7.17-1~18.04ubuntu1.6
2021-12-02 16:10:28 install python-minimal:amd64 <none> 2.7.15~rc1-1
2021-12-02 16:10:28 status half-installed python-minimal:amd64 2.7.15~rc1-1
2021-12-02 16:10:28 status unpacked python-minimal:amd64 2.7.15~rc1-1
2021-12-02 16:10:28 status unpacked python-minimal:amd64 2.7.15~rc1-1
2021-12-02 16:10:28 install libpython2.7-stdlib:amd64 <none> 2.7.17-1~18.04ubuntu1.6
2021-12-02 16:10:28 status half-installed libpython2.7-stdlib:amd64 2.7.17-1~18.04ubuntu1.6
2021-12-02 16:10:28 status unpacked libpython2.7-stdlib:amd64 2.7.17-1~18.04ubuntu1.6
2021-12-02 16:10:28 status unpacked libpython2.7-stdlib:amd64 2.7.17-1~18.04ubuntu1.6
2021-12-02 16:10:28 install python2.7:amd64 <none> 2.7.17-1~18.04ubuntu1.6
2021-12-02 16:10:28 status half-installed python2.7:amd64 2.7.17-1~18.04ubuntu1.6
2021-12-02 16:10:28 status triggers-pending mime-support:all 3.60ubuntu1
2021-12-02 16:10:28 status unpacked python2.7:amd64 2.7.17-1~18.04ubuntu1.6
2021-12-02 16:10:28 status unpacked python2.7:amd64 2.7.17-1~18.04ubuntu1.6
2021-12-02 16:10:28 install libpython-stdlib:amd64 <none> 2.7.15~rc1-1
2021-12-02 16:10:28 status half-installed libpython-stdlib:amd64 2.7.15~rc1-1
2021-12-02 16:10:28 status unpacked libpython-stdlib:amd64 2.7.15~rc1-1
2021-12-02 16:10:28 status unpacked libpython-stdlib:amd64 2.7.15~rc1-1
2021-12-02 16:10:28 startup packages configure
2021-12-02 16:10:28 configure libpython2.7-minimal:amd64 2.7.17-1~18.04ubuntu1.6 <none>
2021-12-02 16:10:28 status unpacked libpython2.7-minimal:amd64 2.7.17-1~18.04ubuntu1.6
2021-12-02 16:10:28 status unpacked libpython2.7-minimal:amd64 2.7.17-1~18.04ubuntu1.6
2021-12-02 16:10:28 status half-configured libpython2.7-minimal:amd64 2.7.17-1~18.04ubuntu1.6
2021-12-02 16:10:28 status installed libpython2.7-minimal:amd64 2.7.17-1~18.04ubuntu1.6
2021-12-02 16:10:28 configure python2.7-minimal:amd64 2.7.17-1~18.04ubuntu1.6 <none>
2021-12-02 16:10:28 status unpacked python2.7-minimal:amd64 2.7.17-1~18.04ubuntu1.6
2021-12-02 16:10:28 status half-configured python2.7-minimal:amd64 2.7.17-1~18.04ubuntu1.6
2021-12-02 16:10:28 status installed python2.7-minimal:amd64 2.7.17-1~18.04ubuntu1.6
2021-12-02 16:10:28 configure python-minimal:amd64 2.7.15~rc1-1 <none>
2021-12-02 16:10:28 status unpacked python-minimal:amd64 2.7.15~rc1-1
2021-12-02 16:10:28 status half-configured python-minimal:amd64 2.7.15~rc1-1
2021-12-02 16:10:28 status installed python-minimal:amd64 2.7.15~rc1-1
2021-12-02 16:10:28 startup archives unpack
2021-12-02 16:10:28 install python:amd64 <none> 2.7.15~rc1-1
2021-12-02 16:10:28 status half-installed python:amd64 2.7.15~rc1-1
2021-12-02 16:10:28 status unpacked python:amd64 2.7.15~rc1-1
2021-12-02 16:10:28 status unpacked python:amd64 2.7.15~rc1-1
2021-12-02 16:10:28 install keyutils:amd64 <none> 1.5.9-9.2ubuntu2
2021-12-02 16:10:28 status half-installed keyutils:amd64 1.5.9-9.2ubuntu2
2021-12-02 16:10:28 status unpacked keyutils:amd64 1.5.9-9.2ubuntu2
2021-12-02 16:10:28 status unpacked keyutils:amd64 1.5.9-9.2ubuntu2
2021-12-02 16:10:28 install lsscsi:amd64 <none> 0.28-0.1
2021-12-02 16:10:29 status half-installed lsscsi:amd64 0.28-0.1
2021-12-02 16:10:29 status unpacked lsscsi:amd64 0.28-0.1
2021-12-02 16:10:29 status unpacked lsscsi:amd64 0.28-0.1
2021-12-02 16:10:29 install python-parted:amd64 <none> 3.11.1-1ubuntu2
2021-12-02 16:10:29 status half-installed python-parted:amd64 3.11.1-1ubuntu2
2021-12-02 16:10:29 status unpacked python-parted:amd64 3.11.1-1ubuntu2
2021-12-02 16:10:29 status unpacked python-parted:amd64 3.11.1-1ubuntu2
2021-12-02 16:10:29 install python-six:all <none> 1.11.0-2
2021-12-02 16:10:29 status half-installed python-six:all 1.11.0-2
2021-12-02 16:10:29 status unpacked python-six:all 1.11.0-2
2021-12-02 16:10:29 status unpacked python-six:all 1.11.0-2
2021-12-02 16:10:29 startup packages configure
2021-12-02 16:10:29 configure lsscsi:amd64 0.28-0.1 <none>
2021-12-02 16:10:29 status unpacked lsscsi:amd64 0.28-0.1
2021-12-02 16:10:29 status half-configured lsscsi:amd64 0.28-0.1
2021-12-02 16:10:29 status installed lsscsi:amd64 0.28-0.1
2021-12-02 16:10:29 configure keyutils:amd64 1.5.9-9.2ubuntu2 <none>
2021-12-02 16:10:29 status unpacked keyutils:amd64 1.5.9-9.2ubuntu2
2021-12-02 16:10:29 status unpacked keyutils:amd64 1.5.9-9.2ubuntu2
2021-12-02 16:10:29 status half-configured keyutils:amd64 1.5.9-9.2ubuntu2
2021-12-02 16:10:29 status installed keyutils:amd64 1.5.9-9.2ubuntu2
2021-12-02 16:10:29 configure libpython2.7-stdlib:amd64 2.7.17-1~18.04ubuntu1.6 <none>
2021-12-02 16:10:29 status unpacked libpython2.7-stdlib:amd64 2.7.17-1~18.04ubuntu1.6
2021-12-02 16:10:29 status half-configured libpython2.7-stdlib:amd64 2.7.17-1~18.04ubuntu1.6
2021-12-02 16:10:29 status installed libpython2.7-stdlib:amd64 2.7.17-1~18.04ubuntu1.6
2021-12-02 16:10:29 configure python2.7:amd64 2.7.17-1~18.04ubuntu1.6 <none>
2021-12-02 16:10:29 status unpacked python2.7:amd64 2.7.17-1~18.04ubuntu1.6
2021-12-02 16:10:29 status half-configured python2.7:amd64 2.7.17-1~18.04ubuntu1.6
2021-12-02 16:10:29 status installed python2.7:amd64 2.7.17-1~18.04ubuntu1.6
2021-12-02 16:10:29 configure libpython-stdlib:amd64 2.7.15~rc1-1 <none>
2021-12-02 16:10:29 status unpacked libpython-stdlib:amd64 2.7.15~rc1-1
2021-12-02 16:10:29 status half-configured libpython-stdlib:amd64 2.7.15~rc1-1
2021-12-02 16:10:29 status installed libpython-stdlib:amd64 2.7.15~rc1-1
2021-12-02 16:10:29 configure python:amd64 2.7.15~rc1-1 <none>
2021-12-02 16:10:29 status unpacked python:amd64 2.7.15~rc1-1
2021-12-02 16:10:29 status half-configured python:amd64 2.7.15~rc1-1
2021-12-02 16:10:29 status installed python:amd64 2.7.15~rc1-1
2021-12-02 16:10:29 configure python-parted:amd64 3.11.1-1ubuntu2 <none>
2021-12-02 16:10:29 status unpacked python-parted:amd64 3.11.1-1ubuntu2
2021-12-02 16:10:29 status half-configured python-parted:amd64 3.11.1-1ubuntu2
2021-12-02 16:10:30 status installed python-parted:amd64 3.11.1-1ubuntu2
2021-12-02 16:10:30 configure python-six:all 1.11.0-2 <none>
2021-12-02 16:10:30 status unpacked python-six:all 1.11.0-2
2021-12-02 16:10:30 status half-configured python-six:all 1.11.0-2
2021-12-02 16:10:30 status installed python-six:all 1.11.0-2
2021-12-02 16:10:30 trigproc mime-support:all 3.60ubuntu1 <none>
2021-12-02 16:10:30 status half-configured mime-support:all 3.60ubuntu1
2021-12-02 16:10:30 status installed mime-support:all 3.60ubuntu1
2021-12-02 16:10:30 trigproc man-db:amd64 2.8.3-2ubuntu0.1 <none>
2021-12-02 16:10:30 status half-configured man-db:amd64 2.8.3-2ubuntu0.1
2021-12-02 16:10:30 status installed man-db:amd64 2.8.3-2ubuntu0.1
2021-12-02 16:10:34 startup packages remove
2021-12-02 16:10:34 status installed grub-legacy-ec2:all 1:1
2021-12-02 16:10:34 remove grub-legacy-ec2:all 1:1 <none>
2021-12-02 16:10:34 status half-configured grub-legacy-ec2:all 1:1
2021-12-02 16:10:34 status half-installed grub-legacy-ec2:all 1:1
2021-12-02 16:10:34 status config-files grub-legacy-ec2:all 1:1
2021-12-02 16:10:34 status config-files grub-legacy-ec2:all 1:1
2021-12-02 16:10:34 status installed linux-virtual:amd64 4.15.0.163.152
2021-12-02 16:10:34 remove linux-virtual:amd64 4.15.0.163.152 <none>
2021-12-02 16:10:34 status half-configured linux-virtual:amd64 4.15.0.163.152
2021-12-02 16:10:34 status half-installed linux-virtual:amd64 4.15.0.163.152
2021-12-02 16:10:34 status config-files linux-virtual:amd64 4.15.0.163.152
2021-12-02 16:10:34 status config-files linux-virtual:amd64 4.15.0.163.152
2021-12-02 16:10:34 status config-files linux-virtual:amd64 4.15.0.163.152
2021-12-02 16:10:34 status not-installed linux-virtual:amd64 <none>
2021-12-02 16:10:34 status installed linux-headers-virtual:amd64 4.15.0.163.152
2021-12-02 16:10:34 remove linux-headers-virtual:amd64 4.15.0.163.152 <none>
2021-12-02 16:10:34 status half-configured linux-headers-virtual:amd64 4.15.0.163.152
2021-12-02 16:10:34 status half-installed linux-headers-virtual:amd64 4.15.0.163.152
2021-12-02 16:10:34 status config-files linux-headers-virtual:amd64 4.15.0.163.152
2021-12-02 16:10:34 status config-files linux-headers-virtual:amd64 4.15.0.163.152
2021-12-02 16:10:34 status config-files linux-headers-virtual:amd64 4.15.0.163.152
2021-12-02 16:10:34 status not-installed linux-headers-virtual:amd64 <none>
2021-12-02 16:10:34 status installed linux-headers-generic:amd64 4.15.0.163.152
2021-12-02 16:10:34 remove linux-headers-generic:amd64 4.15.0.163.152 <none>
2021-12-02 16:10:34 status half-configured linux-headers-generic:amd64 4.15.0.163.152
2021-12-02 16:10:34 status half-installed linux-headers-generic:amd64 4.15.0.163.152
2021-12-02 16:10:34 status config-files linux-headers-generic:amd64 4.15.0.163.152
2021-12-02 16:10:34 status config-files linux-headers-generic:amd64 4.15.0.163.152
2021-12-02 16:10:34 status config-files linux-headers-generic:amd64 4.15.0.163.152
2021-12-02 16:10:34 status not-installed linux-headers-generic:amd64 <none>
2021-12-02 16:10:34 status installed linux-headers-4.15.0-163-generic:amd64 4.15.0-163.171
2021-12-02 16:10:34 remove linux-headers-4.15.0-163-generic:amd64 4.15.0-163.171 <none>
2021-12-02 16:10:34 status half-configured linux-headers-4.15.0-163-generic:amd64 4.15.0-163.171
2021-12-02 16:10:34 status half-installed linux-headers-4.15.0-163-generic:amd64 4.15.0-163.171
2021-12-02 16:10:35 status config-files linux-headers-4.15.0-163-generic:amd64 4.15.0-163.171
2021-12-02 16:10:35 status config-files linux-headers-4.15.0-163-generic:amd64 4.15.0-163.171
2021-12-02 16:10:35 status config-files linux-headers-4.15.0-163-generic:amd64 4.15.0-163.171
2021-12-02 16:10:35 status not-installed linux-headers-4.15.0-163-generic:amd64 <none>
2021-12-02 16:10:35 status installed linux-image-virtual:amd64 4.15.0.163.152
2021-12-02 16:10:35 remove linux-image-virtual:amd64 4.15.0.163.152 <none>
2021-12-02 16:10:35 status half-configured linux-image-virtual:amd64 4.15.0.163.152
2021-12-02 16:10:35 status half-installed linux-image-virtual:amd64 4.15.0.163.152
2021-12-02 16:10:35 status config-files linux-image-virtual:amd64 4.15.0.163.152
2021-12-02 16:10:35 status config-files linux-image-virtual:amd64 4.15.0.163.152
2021-12-02 16:10:35 status config-files linux-image-virtual:amd64 4.15.0.163.152
2021-12-02 16:10:35 status not-installed linux-image-virtual:amd64 <none>
2021-12-02 16:10:35 status installed linux-image-4.15.0-163-generic:amd64 4.15.0-163.171
2021-12-02 16:10:35 remove linux-image-4.15.0-163-generic:amd64 4.15.0-163.171 <none>
2021-12-02 16:10:35 status half-configured linux-image-4.15.0-163-generic:amd64 4.15.0-163.171
2021-12-02 16:10:35 status half-installed linux-image-4.15.0-163-generic:amd64 4.15.0-163.171
2021-12-02 16:10:35 status config-files linux-image-4.15.0-163-generic:amd64 4.15.0-163.171
2021-12-02 16:10:35 status config-files linux-image-4.15.0-163-generic:amd64 4.15.0-163.171
2021-12-02 16:10:35 status installed linux-modules-4.15.0-163-generic:amd64 4.15.0-163.171
2021-12-02 16:10:35 remove linux-modules-4.15.0-163-generic:amd64 4.15.0-163.171 <none>
2021-12-02 16:10:35 status half-configured linux-modules-4.15.0-163-generic:amd64 4.15.0-163.171
2021-12-02 16:10:35 status half-installed linux-modules-4.15.0-163-generic:amd64 4.15.0-163.171
2021-12-02 16:10:35 status config-files linux-modules-4.15.0-163-generic:amd64 4.15.0-163.171
2021-12-02 16:10:35 status config-files linux-modules-4.15.0-163-generic:amd64 4.15.0-163.171
2021-12-02 16:10:35 startup archives unpack
2021-12-02 16:10:35 install libwbclient0:amd64 <none> 2:4.7.6+dfsg~ubuntu-0ubuntu2.24
2021-12-02 16:10:35 status triggers-pending libc-bin:amd64 2.27-3ubuntu1.4
2021-12-02 16:10:35 status half-installed libwbclient0:amd64 2:4.7.6+dfsg~ubuntu-0ubuntu2.24
2021-12-02 16:10:35 status unpacked libwbclient0:amd64 2:4.7.6+dfsg~ubuntu-0ubuntu2.24
2021-12-02 16:10:35 status unpacked libwbclient0:amd64 2:4.7.6+dfsg~ubuntu-0ubuntu2.24
2021-12-02 16:10:35 install samba-common:all <none> 2:4.7.6+dfsg~ubuntu-0ubuntu2.24
2021-12-02 16:10:35 status half-installed samba-common:all 2:4.7.6+dfsg~ubuntu-0ubuntu2.24
2021-12-02 16:10:35 status unpacked samba-common:all 2:4.7.6+dfsg~ubuntu-0ubuntu2.24
2021-12-02 16:10:35 status unpacked samba-common:all 2:4.7.6+dfsg~ubuntu-0ubuntu2.24
2021-12-02 16:10:35 install libtalloc2:amd64 <none> 2.1.10-2ubuntu1
2021-12-02 16:10:35 status half-installed libtalloc2:amd64 2.1.10-2ubuntu1
2021-12-02 16:10:35 status unpacked libtalloc2:amd64 2.1.10-2ubuntu1
2021-12-02 16:10:35 status unpacked libtalloc2:amd64 2.1.10-2ubuntu1
2021-12-02 16:10:35 install cifs-utils:amd64 <none> 2:6.8-1ubuntu1.1
2021-12-02 16:10:35 status half-installed cifs-utils:amd64 2:6.8-1ubuntu1.1
2021-12-02 16:10:35 status triggers-pending man-db:amd64 2.8.3-2ubuntu0.1
2021-12-02 16:10:35 status unpacked cifs-utils:amd64 2:6.8-1ubuntu1.1
2021-12-02 16:10:35 status unpacked cifs-utils:amd64 2:6.8-1ubuntu1.1
2021-12-02 16:10:35 install libnl-3-200:amd64 <none> 3.2.29-0ubuntu3
2021-12-02 16:10:35 status half-installed libnl-3-200:amd64 3.2.29-0ubuntu3
2021-12-02 16:10:35 status unpacked libnl-3-200:amd64 3.2.29-0ubuntu3
2021-12-02 16:10:35 status unpacked libnl-3-200:amd64 3.2.29-0ubuntu3
2021-12-02 16:10:35 install libnl-genl-3-200:amd64 <none> 3.2.29-0ubuntu3
2021-12-02 16:10:35 status half-installed libnl-genl-3-200:amd64 3.2.29-0ubuntu3
2021-12-02 16:10:35 status unpacked libnl-genl-3-200:amd64 3.2.29-0ubuntu3
2021-12-02 16:10:35 status unpacked libnl-genl-3-200:amd64 3.2.29-0ubuntu3
2021-12-02 16:10:35 install wireless-regdb:all <none> 2021.08.28-0ubuntu1~18.04.1
2021-12-02 16:10:35 status half-installed wireless-regdb:all 2021.08.28-0ubuntu1~18.04.1
2021-12-02 16:10:35 status unpacked wireless-regdb:all 2021.08.28-0ubuntu1~18.04.1
2021-12-02 16:10:35 status unpacked wireless-regdb:all 2021.08.28-0ubuntu1~18.04.1
2021-12-02 16:10:35 install iw:amd64 <none> 4.14-0.1
2021-12-02 16:10:35 status half-installed iw:amd64 4.14-0.1
2021-12-02 16:10:35 status unpacked iw:amd64 4.14-0.1
2021-12-02 16:10:35 status unpacked iw:amd64 4.14-0.1
2021-12-02 16:10:35 install crda:amd64 <none> 3.18-1build1
2021-12-02 16:10:35 status half-installed crda:amd64 3.18-1build1
2021-12-02 16:10:35 status unpacked crda:amd64 3.18-1build1
2021-12-02 16:10:35 status unpacked crda:amd64 3.18-1build1
2021-12-02 16:10:35 install libavahi-common-data:amd64 <none> 0.7-3.1ubuntu1.3
2021-12-02 16:10:35 status half-installed libavahi-common-data:amd64 0.7-3.1ubuntu1.3
2021-12-02 16:10:35 status unpacked libavahi-common-data:amd64 0.7-3.1ubuntu1.3
2021-12-02 16:10:35 status unpacked libavahi-common-data:amd64 0.7-3.1ubuntu1.3
2021-12-02 16:10:35 install libavahi-common3:amd64 <none> 0.7-3.1ubuntu1.3
2021-12-02 16:10:35 status half-installed libavahi-common3:amd64 0.7-3.1ubuntu1.3
2021-12-02 16:10:35 status unpacked libavahi-common3:amd64 0.7-3.1ubuntu1.3
2021-12-02 16:10:35 status unpacked libavahi-common3:amd64 0.7-3.1ubuntu1.3
2021-12-02 16:10:36 install libavahi-client3:amd64 <none> 0.7-3.1ubuntu1.3
2021-12-02 16:10:36 status half-installed libavahi-client3:amd64 0.7-3.1ubuntu1.3
2021-12-02 16:10:36 status unpacked libavahi-client3:amd64 0.7-3.1ubuntu1.3
2021-12-02 16:10:36 status unpacked libavahi-client3:amd64 0.7-3.1ubuntu1.3
2021-12-02 16:10:36 install libcups2:amd64 <none> 2.2.7-1ubuntu2.8
2021-12-02 16:10:36 status half-installed libcups2:amd64 2.2.7-1ubuntu2.8
2021-12-02 16:10:36 status unpacked libcups2:amd64 2.2.7-1ubuntu2.8
2021-12-02 16:10:36 status unpacked libcups2:amd64 2.2.7-1ubuntu2.8
2021-12-02 16:10:36 install libdw1:amd64 <none> 0.170-0.4ubuntu0.1
2021-12-02 16:10:36 status half-installed libdw1:amd64 0.170-0.4ubuntu0.1
2021-12-02 16:10:36 status unpacked libdw1:amd64 0.170-0.4ubuntu0.1
2021-12-02 16:10:36 status unpacked libdw1:amd64 0.170-0.4ubuntu0.1
2021-12-02 16:10:36 install libjansson4:amd64 <none> 2.11-1
2021-12-02 16:10:36 status half-installed libjansson4:amd64 2.11-1
2021-12-02 16:10:36 status unpacked libjansson4:amd64 2.11-1
2021-12-02 16:10:36 status unpacked libjansson4:amd64 2.11-1
2021-12-02 16:10:36 install libtdb1:amd64 <none> 1.3.15-2
2021-12-02 16:10:36 status half-installed libtdb1:amd64 1.3.15-2
2021-12-02 16:10:36 status unpacked libtdb1:amd64 1.3.15-2
2021-12-02 16:10:36 status unpacked libtdb1:amd64 1.3.15-2
2021-12-02 16:10:36 install libtevent0:amd64 <none> 0.9.34-1
2021-12-02 16:10:36 status half-installed libtevent0:amd64 0.9.34-1
2021-12-02 16:10:36 status unpacked libtevent0:amd64 0.9.34-1
2021-12-02 16:10:36 status unpacked libtevent0:amd64 0.9.34-1
2021-12-02 16:10:36 install libldb1:amd64 <none> 2:1.2.3-1ubuntu0.2
2021-12-02 16:10:36 status half-installed libldb1:amd64 2:1.2.3-1ubuntu0.2
2021-12-02 16:10:36 status unpacked libldb1:amd64 2:1.2.3-1ubuntu0.2
2021-12-02 16:10:36 status unpacked libldb1:amd64 2:1.2.3-1ubuntu0.2
2021-12-02 16:10:36 install libpython2.7:amd64 <none> 2.7.17-1~18.04ubuntu1.6
2021-12-02 16:10:36 status half-installed libpython2.7:amd64 2.7.17-1~18.04ubuntu1.6
2021-12-02 16:10:36 status unpacked libpython2.7:amd64 2.7.17-1~18.04ubuntu1.6
2021-12-02 16:10:36 status unpacked libpython2.7:amd64 2.7.17-1~18.04ubuntu1.6
2021-12-02 16:10:36 install linux-base-sgx:all <none> 4.5ubuntu1.7
2021-12-02 16:10:36 status half-installed linux-base-sgx:all 4.5ubuntu1.7
2021-12-02 16:10:36 status unpacked linux-base-sgx:all 4.5ubuntu1.7
2021-12-02 16:10:36 status unpacked linux-base-sgx:all 4.5ubuntu1.7
2021-12-02 16:10:36 install linux-modules-5.4.0-1064-azure:amd64 <none> 5.4.0-1064.67~18.04.1
2021-12-02 16:10:36 status half-installed linux-modules-5.4.0-1064-azure:amd64 5.4.0-1064.67~18.04.1
2021-12-02 16:10:38 status unpacked linux-modules-5.4.0-1064-azure:amd64 5.4.0-1064.67~18.04.1
2021-12-02 16:10:38 status unpacked linux-modules-5.4.0-1064-azure:amd64 5.4.0-1064.67~18.04.1
2021-12-02 16:10:38 install linux-image-5.4.0-1064-azure:amd64 <none> 5.4.0-1064.67~18.04.1
2021-12-02 16:10:38 status half-installed linux-image-5.4.0-1064-azure:amd64 5.4.0-1064.67~18.04.1
2021-12-02 16:10:38 status unpacked linux-image-5.4.0-1064-azure:amd64 5.4.0-1064.67~18.04.1
2021-12-02 16:10:38 status unpacked linux-image-5.4.0-1064-azure:amd64 5.4.0-1064.67~18.04.1
2021-12-02 16:10:38 install linux-modules-extra-5.4.0-1064-azure:amd64 <none> 5.4.0-1064.67~18.04.1
2021-12-02 16:10:38 status half-installed linux-modules-extra-5.4.0-1064-azure:amd64 5.4.0-1064.67~18.04.1
2021-12-02 16:10:39 status unpacked linux-modules-extra-5.4.0-1064-azure:amd64 5.4.0-1064.67~18.04.1
2021-12-02 16:10:39 status unpacked linux-modules-extra-5.4.0-1064-azure:amd64 5.4.0-1064.67~18.04.1
2021-12-02 16:10:39 install linux-image-azure:amd64 <none> 5.4.0.1064.44
2021-12-02 16:10:39 status half-installed linux-image-azure:amd64 5.4.0.1064.44
2021-12-02 16:10:39 status unpacked linux-image-azure:amd64 5.4.0.1064.44
2021-12-02 16:10:39 status unpacked linux-image-azure:amd64 5.4.0.1064.44
2021-12-02 16:10:39 install linux-azure-5.4-headers-5.4.0-1064:all <none> 5.4.0-1064.67~18.04.1
2021-12-02 16:10:39 status half-installed linux-azure-5.4-headers-5.4.0-1064:all 5.4.0-1064.67~18.04.1
2021-12-02 16:10:43 status unpacked linux-azure-5.4-headers-5.4.0-1064:all 5.4.0-1064.67~18.04.1
2021-12-02 16:10:43 status unpacked linux-azure-5.4-headers-5.4.0-1064:all 5.4.0-1064.67~18.04.1
2021-12-02 16:10:43 install linux-headers-5.4.0-1064-azure:amd64 <none> 5.4.0-1064.67~18.04.1
2021-12-02 16:10:43 status half-installed linux-headers-5.4.0-1064-azure:amd64 5.4.0-1064.67~18.04.1
2021-12-02 16:10:44 status unpacked linux-headers-5.4.0-1064-azure:amd64 5.4.0-1064.67~18.04.1
2021-12-02 16:10:44 status unpacked linux-headers-5.4.0-1064-azure:amd64 5.4.0-1064.67~18.04.1
2021-12-02 16:10:44 install linux-headers-azure:amd64 <none> 5.4.0.1064.44
2021-12-02 16:10:44 status half-installed linux-headers-azure:amd64 5.4.0.1064.44
2021-12-02 16:10:44 status unpacked linux-headers-azure:amd64 5.4.0.1064.44
2021-12-02 16:10:44 status unpacked linux-headers-azure:amd64 5.4.0.1064.44
2021-12-02 16:10:44 install linux-tools-common:all <none> 4.15.0-163.171
2021-12-02 16:10:44 status half-installed linux-tools-common:all 4.15.0-163.171
2021-12-02 16:10:44 status unpacked linux-tools-common:all 4.15.0-163.171
2021-12-02 16:10:44 status unpacked linux-tools-common:all 4.15.0-163.171
2021-12-02 16:10:44 install linux-azure-5.4-tools-5.4.0-1064:amd64 <none> 5.4.0-1064.67~18.04.1
2021-12-02 16:10:44 status half-installed linux-azure-5.4-tools-5.4.0-1064:amd64 5.4.0-1064.67~18.04.1
2021-12-02 16:10:44 status unpacked linux-azure-5.4-tools-5.4.0-1064:amd64 5.4.0-1064.67~18.04.1
2021-12-02 16:10:44 status unpacked linux-azure-5.4-tools-5.4.0-1064:amd64 5.4.0-1064.67~18.04.1
2021-12-02 16:10:44 install linux-tools-5.4.0-1064-azure:amd64 <none> 5.4.0-1064.67~18.04.1
2021-12-02 16:10:44 status half-installed linux-tools-5.4.0-1064-azure:amd64 5.4.0-1064.67~18.04.1
2021-12-02 16:10:44 status unpacked linux-tools-5.4.0-1064-azure:amd64 5.4.0-1064.67~18.04.1
2021-12-02 16:10:44 status unpacked linux-tools-5.4.0-1064-azure:amd64 5.4.0-1064.67~18.04.1
2021-12-02 16:10:45 install linux-tools-azure:amd64 <none> 5.4.0.1064.44
2021-12-02 16:10:45 status half-installed linux-tools-azure:amd64 5.4.0.1064.44
2021-12-02 16:10:45 status unpacked linux-tools-azure:amd64 5.4.0.1064.44
2021-12-02 16:10:45 status unpacked linux-tools-azure:amd64 5.4.0.1064.44
2021-12-02 16:10:45 install linux-cloud-tools-common:all <none> 4.15.0-163.171
2021-12-02 16:10:45 status half-installed linux-cloud-tools-common:all 4.15.0-163.171
2021-12-02 16:10:45 status triggers-pending ureadahead:amd64 0.100.0-21
2021-12-02 16:10:45 status unpacked linux-cloud-tools-common:all 4.15.0-163.171
2021-12-02 16:10:45 status unpacked linux-cloud-tools-common:all 4.15.0-163.171
2021-12-02 16:10:45 install linux-azure-5.4-cloud-tools-5.4.0-1064:amd64 <none> 5.4.0-1064.67~18.04.1
2021-12-02 16:10:45 status half-installed linux-azure-5.4-cloud-tools-5.4.0-1064:amd64 5.4.0-1064.67~18.04.1
2021-12-02 16:10:45 status unpacked linux-azure-5.4-cloud-tools-5.4.0-1064:amd64 5.4.0-1064.67~18.04.1
2021-12-02 16:10:45 status unpacked linux-azure-5.4-cloud-tools-5.4.0-1064:amd64 5.4.0-1064.67~18.04.1
2021-12-02 16:10:45 install linux-cloud-tools-5.4.0-1064-azure:amd64 <none> 5.4.0-1064.67~18.04.1
2021-12-02 16:10:45 status half-installed linux-cloud-tools-5.4.0-1064-azure:amd64 5.4.0-1064.67~18.04.1
2021-12-02 16:10:45 status unpacked linux-cloud-tools-5.4.0-1064-azure:amd64 5.4.0-1064.67~18.04.1
2021-12-02 16:10:45 status unpacked linux-cloud-tools-5.4.0-1064-azure:amd64 5.4.0-1064.67~18.04.1
2021-12-02 16:10:45 install linux-cloud-tools-azure:amd64 <none> 5.4.0.1064.44
2021-12-02 16:10:45 status half-installed linux-cloud-tools-azure:amd64 5.4.0.1064.44
2021-12-02 16:10:45 status unpacked linux-cloud-tools-azure:amd64 5.4.0.1064.44
2021-12-02 16:10:45 status unpacked linux-cloud-tools-azure:amd64 5.4.0.1064.44
2021-12-02 16:10:45 install linux-azure:amd64 <none> 5.4.0.1064.44
2021-12-02 16:10:45 status half-installed linux-azure:amd64 5.4.0.1064.44
2021-12-02 16:10:45 status unpacked linux-azure:amd64 5.4.0.1064.44
2021-12-02 16:10:45 status unpacked linux-azure:amd64 5.4.0.1064.44
2021-12-02 16:10:45 install python-crypto:amd64 <none> 2.6.1-8ubuntu2
2021-12-02 16:10:45 status half-installed python-crypto:amd64 2.6.1-8ubuntu2
2021-12-02 16:10:45 status unpacked python-crypto:amd64 2.6.1-8ubuntu2
2021-12-02 16:10:45 status unpacked python-crypto:amd64 2.6.1-8ubuntu2
2021-12-02 16:10:45 install python-ldb:amd64 <none> 2:1.2.3-1ubuntu0.2
2021-12-02 16:10:45 status half-installed python-ldb:amd64 2:1.2.3-1ubuntu0.2
2021-12-02 16:10:45 status unpacked python-ldb:amd64 2:1.2.3-1ubuntu0.2
2021-12-02 16:10:45 status unpacked python-ldb:amd64 2:1.2.3-1ubuntu0.2
2021-12-02 16:10:45 install python-tdb:amd64 <none> 1.3.15-2
2021-12-02 16:10:45 status half-installed python-tdb:amd64 1.3.15-2
2021-12-02 16:10:45 status unpacked python-tdb:amd64 1.3.15-2
2021-12-02 16:10:45 status unpacked python-tdb:amd64 1.3.15-2
2021-12-02 16:10:45 install python-talloc:amd64 <none> 2.1.10-2ubuntu1
2021-12-02 16:10:45 status half-installed python-talloc:amd64 2.1.10-2ubuntu1
2021-12-02 16:10:45 status unpacked python-talloc:amd64 2.1.10-2ubuntu1
2021-12-02 16:10:45 status unpacked python-talloc:amd64 2.1.10-2ubuntu1
2021-12-02 16:10:45 install samba-libs:amd64 <none> 2:4.7.6+dfsg~ubuntu-0ubuntu2.24
2021-12-02 16:10:45 status half-installed samba-libs:amd64 2:4.7.6+dfsg~ubuntu-0ubuntu2.24
2021-12-02 16:10:46 status unpacked samba-libs:amd64 2:4.7.6+dfsg~ubuntu-0ubuntu2.24
2021-12-02 16:10:46 status unpacked samba-libs:amd64 2:4.7.6+dfsg~ubuntu-0ubuntu2.24
2021-12-02 16:10:46 install python-samba:amd64 <none> 2:4.7.6+dfsg~ubuntu-0ubuntu2.24
2021-12-02 16:10:46 status half-installed python-samba:amd64 2:4.7.6+dfsg~ubuntu-0ubuntu2.24
2021-12-02 16:10:46 status unpacked python-samba:amd64 2:4.7.6+dfsg~ubuntu-0ubuntu2.24
2021-12-02 16:10:46 status unpacked python-samba:amd64 2:4.7.6+dfsg~ubuntu-0ubuntu2.24
2021-12-02 16:10:46 install samba-common-bin:amd64 <none> 2:4.7.6+dfsg~ubuntu-0ubuntu2.24
2021-12-02 16:10:46 status half-installed samba-common-bin:amd64 2:4.7.6+dfsg~ubuntu-0ubuntu2.24
2021-12-02 16:10:46 status unpacked samba-common-bin:amd64 2:4.7.6+dfsg~ubuntu-0ubuntu2.24
2021-12-02 16:10:46 status unpacked samba-common-bin:amd64 2:4.7.6+dfsg~ubuntu-0ubuntu2.24
2021-12-02 16:10:46 install walinuxagent:amd64 <none> 2.2.45-0ubuntu1~18.04.1
2021-12-02 16:10:46 status half-installed walinuxagent:amd64 2.2.45-0ubuntu1~18.04.1
2021-12-02 16:10:46 status unpacked walinuxagent:amd64 2.2.45-0ubuntu1~18.04.1
2021-12-02 16:10:46 status unpacked walinuxagent:amd64 2.2.45-0ubuntu1~18.04.1
2021-12-02 16:10:46 startup packages configure
2021-12-02 16:10:46 configure libtdb1:amd64 1.3.15-2 <none>
2021-12-02 16:10:46 status unpacked libtdb1:amd64 1.3.15-2
2021-12-02 16:10:46 status half-configured libtdb1:amd64 1.3.15-2
2021-12-02 16:10:46 status installed libtdb1:amd64 1.3.15-2
2021-12-02 16:10:46 configure libwbclient0:amd64 2:4.7.6+dfsg~ubuntu-0ubuntu2.24 <none>
2021-12-02 16:10:46 status unpacked libwbclient0:amd64 2:4.7.6+dfsg~ubuntu-0ubuntu2.24
2021-12-02 16:10:46 status half-configured libwbclient0:amd64 2:4.7.6+dfsg~ubuntu-0ubuntu2.24
2021-12-02 16:10:46 status installed libwbclient0:amd64 2:4.7.6+dfsg~ubuntu-0ubuntu2.24
2021-12-02 16:10:46 configure linux-cloud-tools-common:all 4.15.0-163.171 <none>
2021-12-02 16:10:46 status unpacked linux-cloud-tools-common:all 4.15.0-163.171
2021-12-02 16:10:46 status unpacked linux-cloud-tools-common:all 4.15.0-163.171
2021-12-02 16:10:46 status unpacked linux-cloud-tools-common:all 4.15.0-163.171
2021-12-02 16:10:46 status unpacked linux-cloud-tools-common:all 4.15.0-163.171
2021-12-02 16:10:46 status half-configured linux-cloud-tools-common:all 4.15.0-163.171
2021-12-02 16:10:47 status installed linux-cloud-tools-common:all 4.15.0-163.171
2021-12-02 16:10:47 configure python-crypto:amd64 2.6.1-8ubuntu2 <none>
2021-12-02 16:10:47 status unpacked python-crypto:amd64 2.6.1-8ubuntu2
2021-12-02 16:10:47 status half-configured python-crypto:amd64 2.6.1-8ubuntu2
2021-12-02 16:10:47 status installed python-crypto:amd64 2.6.1-8ubuntu2
2021-12-02 16:10:47 configure libdw1:amd64 0.170-0.4ubuntu0.1 <none>
2021-12-02 16:10:47 status unpacked libdw1:amd64 0.170-0.4ubuntu0.1
2021-12-02 16:10:47 status half-configured libdw1:amd64 0.170-0.4ubuntu0.1
2021-12-02 16:10:47 status installed libdw1:amd64 0.170-0.4ubuntu0.1
2021-12-02 16:10:47 configure linux-azure-5.4-headers-5.4.0-1064:all 5.4.0-1064.67~18.04.1 <none>
2021-12-02 16:10:47 status unpacked linux-azure-5.4-headers-5.4.0-1064:all 5.4.0-1064.67~18.04.1
2021-12-02 16:10:47 status half-configured linux-azure-5.4-headers-5.4.0-1064:all 5.4.0-1064.67~18.04.1
2021-12-02 16:10:47 status installed linux-azure-5.4-headers-5.4.0-1064:all 5.4.0-1064.67~18.04.1
2021-12-02 16:10:47 configure linux-base-sgx:all 4.5ubuntu1.7 <none>
2021-12-02 16:10:47 status unpacked linux-base-sgx:all 4.5ubuntu1.7
2021-12-02 16:10:47 status half-configured linux-base-sgx:all 4.5ubuntu1.7
2021-12-02 16:10:47 status installed linux-base-sgx:all 4.5ubuntu1.7
2021-12-02 16:10:47 configure libjansson4:amd64 2.11-1 <none>
2021-12-02 16:10:47 status unpacked libjansson4:amd64 2.11-1
2021-12-02 16:10:47 status half-configured libjansson4:amd64 2.11-1
2021-12-02 16:10:47 status installed libjansson4:amd64 2.11-1
2021-12-02 16:10:47 configure samba-common:all 2:4.7.6+dfsg~ubuntu-0ubuntu2.24 <none>
2021-12-02 16:10:47 status unpacked samba-common:all 2:4.7.6+dfsg~ubuntu-0ubuntu2.24
2021-12-02 16:10:47 status unpacked samba-common:all 2:4.7.6+dfsg~ubuntu-0ubuntu2.24
2021-12-02 16:10:47 status unpacked samba-common:all 2:4.7.6+dfsg~ubuntu-0ubuntu2.24
2021-12-02 16:10:47 status unpacked samba-common:all 2:4.7.6+dfsg~ubuntu-0ubuntu2.24
2021-12-02 16:10:47 status half-configured samba-common:all 2:4.7.6+dfsg~ubuntu-0ubuntu2.24
2021-12-02 16:10:47 status installed samba-common:all 2:4.7.6+dfsg~ubuntu-0ubuntu2.24
2021-12-02 16:10:47 configure wireless-regdb:all 2021.08.28-0ubuntu1~18.04.1 <none>
2021-12-02 16:10:47 status unpacked wireless-regdb:all 2021.08.28-0ubuntu1~18.04.1
2021-12-02 16:10:47 status half-configured wireless-regdb:all 2021.08.28-0ubuntu1~18.04.1
2021-12-02 16:10:47 status installed wireless-regdb:all 2021.08.28-0ubuntu1~18.04.1
2021-12-02 16:10:47 configure linux-headers-5.4.0-1064-azure:amd64 5.4.0-1064.67~18.04.1 <none>
2021-12-02 16:10:47 status unpacked linux-headers-5.4.0-1064-azure:amd64 5.4.0-1064.67~18.04.1
2021-12-02 16:10:47 status half-configured linux-headers-5.4.0-1064-azure:amd64 5.4.0-1064.67~18.04.1
2021-12-02 16:10:47 status installed linux-headers-5.4.0-1064-azure:amd64 5.4.0-1064.67~18.04.1
2021-12-02 16:10:47 configure linux-headers-azure:amd64 5.4.0.1064.44 <none>
2021-12-02 16:10:47 status unpacked linux-headers-azure:amd64 5.4.0.1064.44
2021-12-02 16:10:47 status half-configured linux-headers-azure:amd64 5.4.0.1064.44
2021-12-02 16:10:47 status installed linux-headers-azure:amd64 5.4.0.1064.44
2021-12-02 16:10:47 configure linux-tools-common:all 4.15.0-163.171 <none>
2021-12-02 16:10:47 status unpacked linux-tools-common:all 4.15.0-163.171
2021-12-02 16:10:47 status half-configured linux-tools-common:all 4.15.0-163.171
2021-12-02 16:10:47 status installed linux-tools-common:all 4.15.0-163.171
2021-12-02 16:10:47 configure libpython2.7:amd64 2.7.17-1~18.04ubuntu1.6 <none>
2021-12-02 16:10:47 status unpacked libpython2.7:amd64 2.7.17-1~18.04ubuntu1.6
2021-12-02 16:10:47 status half-configured libpython2.7:amd64 2.7.17-1~18.04ubuntu1.6
2021-12-02 16:10:47 status installed libpython2.7:amd64 2.7.17-1~18.04ubuntu1.6
2021-12-02 16:10:47 configure linux-azure-5.4-tools-5.4.0-1064:amd64 5.4.0-1064.67~18.04.1 <none>
2021-12-02 16:10:47 status unpacked linux-azure-5.4-tools-5.4.0-1064:amd64 5.4.0-1064.67~18.04.1
2021-12-02 16:10:47 status half-configured linux-azure-5.4-tools-5.4.0-1064:amd64 5.4.0-1064.67~18.04.1
2021-12-02 16:10:47 status installed linux-azure-5.4-tools-5.4.0-1064:amd64 5.4.0-1064.67~18.04.1
2021-12-02 16:10:47 configure libtalloc2:amd64 2.1.10-2ubuntu1 <none>
2021-12-02 16:10:47 status unpacked libtalloc2:amd64 2.1.10-2ubuntu1
2021-12-02 16:10:47 status half-configured libtalloc2:amd64 2.1.10-2ubuntu1
2021-12-02 16:10:47 status installed libtalloc2:amd64 2.1.10-2ubuntu1
2021-12-02 16:10:47 configure walinuxagent:amd64 2.2.45-0ubuntu1~18.04.1 <none>
2021-12-02 16:10:47 status unpacked walinuxagent:amd64 2.2.45-0ubuntu1~18.04.1
2021-12-02 16:10:47 status unpacked walinuxagent:amd64 2.2.45-0ubuntu1~18.04.1
2021-12-02 16:10:47 status unpacked walinuxagent:amd64 2.2.45-0ubuntu1~18.04.1
2021-12-02 16:10:47 status unpacked walinuxagent:amd64 2.2.45-0ubuntu1~18.04.1
2021-12-02 16:10:47 status unpacked walinuxagent:amd64 2.2.45-0ubuntu1~18.04.1
2021-12-02 16:10:47 status unpacked walinuxagent:amd64 2.2.45-0ubuntu1~18.04.1
2021-12-02 16:10:47 status unpacked walinuxagent:amd64 2.2.45-0ubuntu1~18.04.1
2021-12-02 16:10:47 status half-configured walinuxagent:amd64 2.2.45-0ubuntu1~18.04.1
2021-12-02 16:10:48 status installed walinuxagent:amd64 2.2.45-0ubuntu1~18.04.1
2021-12-02 16:10:48 status triggers-pending initramfs-tools:all 0.130ubuntu3.13
2021-12-02 16:10:48 configure libnl-3-200:amd64 3.2.29-0ubuntu3 <none>
2021-12-02 16:10:48 status unpacked libnl-3-200:amd64 3.2.29-0ubuntu3
2021-12-02 16:10:48 status unpacked libnl-3-200:amd64 3.2.29-0ubuntu3
2021-12-02 16:10:48 status unpacked libnl-3-200:amd64 3.2.29-0ubuntu3
2021-12-02 16:10:48 status half-configured libnl-3-200:amd64 3.2.29-0ubuntu3
2021-12-02 16:10:48 status installed libnl-3-200:amd64 3.2.29-0ubuntu3
2021-12-02 16:10:48 configure libavahi-common-data:amd64 0.7-3.1ubuntu1.3 <none>
2021-12-02 16:10:48 status unpacked libavahi-common-data:amd64 0.7-3.1ubuntu1.3
2021-12-02 16:10:48 status half-configured libavahi-common-data:amd64 0.7-3.1ubuntu1.3
2021-12-02 16:10:48 status installed libavahi-common-data:amd64 0.7-3.1ubuntu1.3
2021-12-02 16:10:48 configure python-talloc:amd64 2.1.10-2ubuntu1 <none>
2021-12-02 16:10:48 status unpacked python-talloc:amd64 2.1.10-2ubuntu1
2021-12-02 16:10:48 status half-configured python-talloc:amd64 2.1.10-2ubuntu1
2021-12-02 16:10:48 status installed python-talloc:amd64 2.1.10-2ubuntu1
2021-12-02 16:10:48 configure linux-azure-5.4-cloud-tools-5.4.0-1064:amd64 5.4.0-1064.67~18.04.1 <none>
2021-12-02 16:10:48 status unpacked linux-azure-5.4-cloud-tools-5.4.0-1064:amd64 5.4.0-1064.67~18.04.1
2021-12-02 16:10:48 status half-configured linux-azure-5.4-cloud-tools-5.4.0-1064:amd64 5.4.0-1064.67~18.04.1
2021-12-02 16:10:48 status installed linux-azure-5.4-cloud-tools-5.4.0-1064:amd64 5.4.0-1064.67~18.04.1
2021-12-02 16:10:48 configure cifs-utils:amd64 2:6.8-1ubuntu1.1 <none>
2021-12-02 16:10:48 status unpacked cifs-utils:amd64 2:6.8-1ubuntu1.1
2021-12-02 16:10:48 status unpacked cifs-utils:amd64 2:6.8-1ubuntu1.1
2021-12-02 16:10:48 status unpacked cifs-utils:amd64 2:6.8-1ubuntu1.1
2021-12-02 16:10:48 status half-configured cifs-utils:amd64 2:6.8-1ubuntu1.1
2021-12-02 16:10:48 status installed cifs-utils:amd64 2:6.8-1ubuntu1.1
2021-12-02 16:10:48 configure python-tdb:amd64 1.3.15-2 <none>
2021-12-02 16:10:48 status unpacked python-tdb:amd64 1.3.15-2
2021-12-02 16:10:48 status half-configured python-tdb:amd64 1.3.15-2
2021-12-02 16:10:48 status installed python-tdb:amd64 1.3.15-2
2021-12-02 16:10:48 configure linux-modules-5.4.0-1064-azure:amd64 5.4.0-1064.67~18.04.1 <none>
2021-12-02 16:10:48 status unpacked linux-modules-5.4.0-1064-azure:amd64 5.4.0-1064.67~18.04.1
2021-12-02 16:10:48 status half-configured linux-modules-5.4.0-1064-azure:amd64 5.4.0-1064.67~18.04.1
2021-12-02 16:10:48 status installed linux-modules-5.4.0-1064-azure:amd64 5.4.0-1064.67~18.04.1
2021-12-02 16:10:48 configure linux-cloud-tools-5.4.0-1064-azure:amd64 5.4.0-1064.67~18.04.1 <none>
2021-12-02 16:10:48 status unpacked linux-cloud-tools-5.4.0-1064-azure:amd64 5.4.0-1064.67~18.04.1
2021-12-02 16:10:48 status half-configured linux-cloud-tools-5.4.0-1064-azure:amd64 5.4.0-1064.67~18.04.1
2021-12-02 16:10:48 status installed linux-cloud-tools-5.4.0-1064-azure:amd64 5.4.0-1064.67~18.04.1
2021-12-02 16:10:48 configure libnl-genl-3-200:amd64 3.2.29-0ubuntu3 <none>
2021-12-02 16:10:48 status unpacked libnl-genl-3-200:amd64 3.2.29-0ubuntu3
2021-12-02 16:10:48 status half-configured libnl-genl-3-200:amd64 3.2.29-0ubuntu3
2021-12-02 16:10:48 status installed libnl-genl-3-200:amd64 3.2.29-0ubuntu3
2021-12-02 16:10:48 configure linux-cloud-tools-azure:amd64 5.4.0.1064.44 <none>
2021-12-02 16:10:48 status unpacked linux-cloud-tools-azure:amd64 5.4.0.1064.44
2021-12-02 16:10:48 status half-configured linux-cloud-tools-azure:amd64 5.4.0.1064.44
2021-12-02 16:10:48 status installed linux-cloud-tools-azure:amd64 5.4.0.1064.44
2021-12-02 16:10:48 configure libtevent0:amd64 0.9.34-1 <none>
2021-12-02 16:10:48 status unpacked libtevent0:amd64 0.9.34-1
2021-12-02 16:10:48 status half-configured libtevent0:amd64 0.9.34-1
2021-12-02 16:10:48 status installed libtevent0:amd64 0.9.34-1
2021-12-02 16:10:48 configure linux-tools-5.4.0-1064-azure:amd64 5.4.0-1064.67~18.04.1 <none>
2021-12-02 16:10:48 status unpacked linux-tools-5.4.0-1064-azure:amd64 5.4.0-1064.67~18.04.1
2021-12-02 16:10:48 status half-configured linux-tools-5.4.0-1064-azure:amd64 5.4.0-1064.67~18.04.1
2021-12-02 16:10:48 status installed linux-tools-5.4.0-1064-azure:amd64 5.4.0-1064.67~18.04.1
2021-12-02 16:10:48 configure libavahi-common3:amd64 0.7-3.1ubuntu1.3 <none>
2021-12-02 16:10:48 status unpacked libavahi-common3:amd64 0.7-3.1ubuntu1.3
2021-12-02 16:10:48 status half-configured libavahi-common3:amd64 0.7-3.1ubuntu1.3
2021-12-02 16:10:48 status installed libavahi-common3:amd64 0.7-3.1ubuntu1.3
2021-12-02 16:10:48 configure iw:amd64 4.14-0.1 <none>
2021-12-02 16:10:48 status unpacked iw:amd64 4.14-0.1
2021-12-02 16:10:48 status half-configured iw:amd64 4.14-0.1
2021-12-02 16:10:48 status installed iw:amd64 4.14-0.1
2021-12-02 16:10:48 configure linux-image-5.4.0-1064-azure:amd64 5.4.0-1064.67~18.04.1 <none>
2021-12-02 16:10:48 status unpacked linux-image-5.4.0-1064-azure:amd64 5.4.0-1064.67~18.04.1
2021-12-02 16:10:48 status half-configured linux-image-5.4.0-1064-azure:amd64 5.4.0-1064.67~18.04.1
2021-12-02 16:10:49 status installed linux-image-5.4.0-1064-azure:amd64 5.4.0-1064.67~18.04.1
2021-12-02 16:10:49 status triggers-pending linux-image-5.4.0-1064-azure:amd64 5.4.0-1064.67~18.04.1
2021-12-02 16:10:49 configure crda:amd64 3.18-1build1 <none>
2021-12-02 16:10:49 status unpacked crda:amd64 3.18-1build1
2021-12-02 16:10:49 status unpacked crda:amd64 3.18-1build1
2021-12-02 16:10:49 status half-configured crda:amd64 3.18-1build1
2021-12-02 16:10:49 status installed crda:amd64 3.18-1build1
2021-12-02 16:10:49 configure libldb1:amd64 2:1.2.3-1ubuntu0.2 <none>
2021-12-02 16:10:49 status unpacked libldb1:amd64 2:1.2.3-1ubuntu0.2
2021-12-02 16:10:49 status half-configured libldb1:amd64 2:1.2.3-1ubuntu0.2
2021-12-02 16:10:49 status installed libldb1:amd64 2:1.2.3-1ubuntu0.2
2021-12-02 16:10:49 configure linux-tools-azure:amd64 5.4.0.1064.44 <none>
2021-12-02 16:10:49 status unpacked linux-tools-azure:amd64 5.4.0.1064.44
2021-12-02 16:10:49 status half-configured linux-tools-azure:amd64 5.4.0.1064.44
2021-12-02 16:10:49 status installed linux-tools-azure:amd64 5.4.0.1064.44
2021-12-02 16:10:49 configure linux-modules-extra-5.4.0-1064-azure:amd64 5.4.0-1064.67~18.04.1 <none>
2021-12-02 16:10:49 status unpacked linux-modules-extra-5.4.0-1064-azure:amd64 5.4.0-1064.67~18.04.1
2021-12-02 16:10:49 status half-configured linux-modules-extra-5.4.0-1064-azure:amd64 5.4.0-1064.67~18.04.1
2021-12-02 16:10:49 status installed linux-modules-extra-5.4.0-1064-azure:amd64 5.4.0-1064.67~18.04.1
2021-12-02 16:10:49 configure linux-image-azure:amd64 5.4.0.1064.44 <none>
2021-12-02 16:10:49 status unpacked linux-image-azure:amd64 5.4.0.1064.44
2021-12-02 16:10:49 status half-configured linux-image-azure:amd64 5.4.0.1064.44
2021-12-02 16:10:49 status installed linux-image-azure:amd64 5.4.0.1064.44
2021-12-02 16:10:49 configure libavahi-client3:amd64 0.7-3.1ubuntu1.3 <none>
2021-12-02 16:10:49 status unpacked libavahi-client3:amd64 0.7-3.1ubuntu1.3
2021-12-02 16:10:49 status half-configured libavahi-client3:amd64 0.7-3.1ubuntu1.3
2021-12-02 16:10:49 status installed libavahi-client3:amd64 0.7-3.1ubuntu1.3
2021-12-02 16:10:49 configure libcups2:amd64 2.2.7-1ubuntu2.8 <none>
2021-12-02 16:10:49 status unpacked libcups2:amd64 2.2.7-1ubuntu2.8
2021-12-02 16:10:49 status half-configured libcups2:amd64 2.2.7-1ubuntu2.8
2021-12-02 16:10:49 status installed libcups2:amd64 2.2.7-1ubuntu2.8
2021-12-02 16:10:49 configure python-ldb:amd64 2:1.2.3-1ubuntu0.2 <none>
2021-12-02 16:10:49 status unpacked python-ldb:amd64 2:1.2.3-1ubuntu0.2
2021-12-02 16:10:49 status half-configured python-ldb:amd64 2:1.2.3-1ubuntu0.2
2021-12-02 16:10:49 status installed python-ldb:amd64 2:1.2.3-1ubuntu0.2
2021-12-02 16:10:49 configure samba-libs:amd64 2:4.7.6+dfsg~ubuntu-0ubuntu2.24 <none>
2021-12-02 16:10:49 status unpacked samba-libs:amd64 2:4.7.6+dfsg~ubuntu-0ubuntu2.24
2021-12-02 16:10:49 status half-configured samba-libs:amd64 2:4.7.6+dfsg~ubuntu-0ubuntu2.24
2021-12-02 16:10:49 status installed samba-libs:amd64 2:4.7.6+dfsg~ubuntu-0ubuntu2.24
2021-12-02 16:10:49 configure python-samba:amd64 2:4.7.6+dfsg~ubuntu-0ubuntu2.24 <none>
2021-12-02 16:10:49 status unpacked python-samba:amd64 2:4.7.6+dfsg~ubuntu-0ubuntu2.24
2021-12-02 16:10:49 status half-configured python-samba:amd64 2:4.7.6+dfsg~ubuntu-0ubuntu2.24
2021-12-02 16:10:49 status installed python-samba:amd64 2:4.7.6+dfsg~ubuntu-0ubuntu2.24
2021-12-02 16:10:49 configure linux-azure:amd64 5.4.0.1064.44 <none>
2021-12-02 16:10:49 status unpacked linux-azure:amd64 5.4.0.1064.44
2021-12-02 16:10:49 status half-configured linux-azure:amd64 5.4.0.1064.44
2021-12-02 16:10:49 status installed linux-azure:amd64 5.4.0.1064.44
2021-12-02 16:10:49 configure samba-common-bin:amd64 2:4.7.6+dfsg~ubuntu-0ubuntu2.24 <none>
2021-12-02 16:10:49 status unpacked samba-common-bin:amd64 2:4.7.6+dfsg~ubuntu-0ubuntu2.24
2021-12-02 16:10:49 status half-configured samba-common-bin:amd64 2:4.7.6+dfsg~ubuntu-0ubuntu2.24
2021-12-02 16:10:49 status installed samba-common-bin:amd64 2:4.7.6+dfsg~ubuntu-0ubuntu2.24
2021-12-02 16:10:49 trigproc libc-bin:amd64 2.27-3ubuntu1.4 <none>
2021-12-02 16:10:49 status half-configured libc-bin:amd64 2.27-3ubuntu1.4
2021-12-02 16:10:49 status installed libc-bin:amd64 2.27-3ubuntu1.4
2021-12-02 16:10:49 trigproc man-db:amd64 2.8.3-2ubuntu0.1 <none>
2021-12-02 16:10:49 status half-configured man-db:amd64 2.8.3-2ubuntu0.1
2021-12-02 16:10:50 status installed man-db:amd64 2.8.3-2ubuntu0.1
2021-12-02 16:10:50 trigproc ureadahead:amd64 0.100.0-21 <none>
2021-12-02 16:10:50 status half-configured ureadahead:amd64 0.100.0-21
2021-12-02 16:10:50 status installed ureadahead:amd64 0.100.0-21
2021-12-02 16:10:50 startup packages purge
2021-12-02 16:10:50 purge linux-image-4.15.0-163-generic:amd64 4.15.0-163.171 <none>
2021-12-02 16:10:50 status config-files linux-image-4.15.0-163-generic:amd64 4.15.0-163.171
2021-12-02 16:10:50 status config-files linux-image-4.15.0-163-generic:amd64 4.15.0-163.171
2021-12-02 16:10:50 status config-files linux-image-4.15.0-163-generic:amd64 4.15.0-163.171
2021-12-02 16:10:50 status config-files linux-image-4.15.0-163-generic:amd64 4.15.0-163.171
2021-12-02 16:10:50 status config-files linux-image-4.15.0-163-generic:amd64 4.15.0-163.171
2021-12-02 16:10:50 status not-installed linux-image-4.15.0-163-generic:amd64 <none>
2021-12-02 16:10:50 purge grub-legacy-ec2:all 1:1 <none>
2021-12-02 16:10:50 status config-files grub-legacy-ec2:all 1:1
2021-12-02 16:10:50 status config-files grub-legacy-ec2:all 1:1
2021-12-02 16:10:50 status config-files grub-legacy-ec2:all 1:1
2021-12-02 16:10:50 status config-files grub-legacy-ec2:all 1:1
2021-12-02 16:10:50 status config-files grub-legacy-ec2:all 1:1
2021-12-02 16:10:50 status not-installed grub-legacy-ec2:all <none>
2021-12-02 16:10:50 purge linux-modules-4.15.0-163-generic:amd64 4.15.0-163.171 <none>
2021-12-02 16:10:50 status config-files linux-modules-4.15.0-163-generic:amd64 4.15.0-163.171
2021-12-02 16:10:50 status config-files linux-modules-4.15.0-163-generic:amd64 4.15.0-163.171
2021-12-02 16:10:50 status config-files linux-modules-4.15.0-163-generic:amd64 4.15.0-163.171
2021-12-02 16:10:50 status config-files linux-modules-4.15.0-163-generic:amd64 4.15.0-163.171
2021-12-02 16:10:50 status config-files linux-modules-4.15.0-163-generic:amd64 4.15.0-163.171
2021-12-02 16:10:50 status not-installed linux-modules-4.15.0-163-generic:amd64 <none>
2021-12-02 16:10:50 startup packages configure
2021-12-02 16:10:50 trigproc initramfs-tools:all 0.130ubuntu3.13 <none>
2021-12-02 16:10:50 status half-configured initramfs-tools:all 0.130ubuntu3.13
2021-12-02 16:10:50 status installed initramfs-tools:all 0.130ubuntu3.13
2021-12-02 16:10:50 trigproc linux-image-5.4.0-1064-azure:amd64 5.4.0-1064.67~18.04.1 <none>
2021-12-02 16:10:50 status half-configured linux-image-5.4.0-1064-azure:amd64 5.4.0-1064.67~18.04.1
2021-12-02 16:11:00 status installed linux-image-5.4.0-1064-azure:amd64 5.4.0-1064.67~18.04.1
2021-12-08 06:51:42 startup packages remove
2021-12-08 06:51:42 status installed linux-headers-4.15.0-163:all 4.15.0-163.171
2021-12-08 06:51:43 remove linux-headers-4.15.0-163:all 4.15.0-163.171 <none>
2021-12-08 06:51:43 status half-configured linux-headers-4.15.0-163:all 4.15.0-163.171
2021-12-08 06:51:43 status half-installed linux-headers-4.15.0-163:all 4.15.0-163.171
2021-12-08 06:51:44 status config-files linux-headers-4.15.0-163:all 4.15.0-163.171
2021-12-08 06:51:44 status config-files linux-headers-4.15.0-163:all 4.15.0-163.171
2021-12-08 06:51:44 status config-files linux-headers-4.15.0-163:all 4.15.0-163.171
2021-12-08 06:51:44 status not-installed linux-headers-4.15.0-163:all <none>
2021-12-08 06:51:44 startup packages configure
2021-12-08 06:51:49 startup archives unpack
2021-12-08 06:51:49 upgrade busybox-initramfs:amd64 1:1.27.2-2ubuntu3.3 1:1.27.2-2ubuntu3.4
2021-12-08 06:51:49 status half-configured busybox-initramfs:amd64 1:1.27.2-2ubuntu3.3
2021-12-08 06:51:49 status unpacked busybox-initramfs:amd64 1:1.27.2-2ubuntu3.3
2021-12-08 06:51:49 status half-installed busybox-initramfs:amd64 1:1.27.2-2ubuntu3.3
2021-12-08 06:51:49 status half-installed busybox-initramfs:amd64 1:1.27.2-2ubuntu3.3
2021-12-08 06:51:49 status unpacked busybox-initramfs:amd64 1:1.27.2-2ubuntu3.4
2021-12-08 06:51:49 status unpacked busybox-initramfs:amd64 1:1.27.2-2ubuntu3.4
2021-12-08 06:51:50 startup packages configure
2021-12-08 06:51:50 configure busybox-initramfs:amd64 1:1.27.2-2ubuntu3.4 <none>
2021-12-08 06:51:50 status unpacked busybox-initramfs:amd64 1:1.27.2-2ubuntu3.4
2021-12-08 06:51:50 status half-configured busybox-initramfs:amd64 1:1.27.2-2ubuntu3.4
2021-12-08 06:51:50 status installed busybox-initramfs:amd64 1:1.27.2-2ubuntu3.4
2021-12-08 06:51:52 startup archives unpack
2021-12-08 06:51:52 upgrade busybox-static:amd64 1:1.27.2-2ubuntu3.3 1:1.27.2-2ubuntu3.4
2021-12-08 06:51:52 status triggers-pending initramfs-tools:all 0.130ubuntu3.13
2021-12-08 06:51:52 status half-configured busybox-static:amd64 1:1.27.2-2ubuntu3.3
2021-12-08 06:51:52 status unpacked busybox-static:amd64 1:1.27.2-2ubuntu3.3
2021-12-08 06:51:52 status half-installed busybox-static:amd64 1:1.27.2-2ubuntu3.3
2021-12-08 06:51:52 status triggers-pending man-db:amd64 2.8.3-2ubuntu0.1
2021-12-08 06:51:52 status half-installed busybox-static:amd64 1:1.27.2-2ubuntu3.3
2021-12-08 06:51:52 status unpacked busybox-static:amd64 1:1.27.2-2ubuntu3.4
2021-12-08 06:51:52 status unpacked busybox-static:amd64 1:1.27.2-2ubuntu3.4
2021-12-08 06:51:52 startup packages configure
2021-12-08 06:51:52 configure busybox-static:amd64 1:1.27.2-2ubuntu3.4 <none>
2021-12-08 06:51:52 status unpacked busybox-static:amd64 1:1.27.2-2ubuntu3.4
2021-12-08 06:51:52 status half-configured busybox-static:amd64 1:1.27.2-2ubuntu3.4
2021-12-08 06:51:52 status installed busybox-static:amd64 1:1.27.2-2ubuntu3.4
2021-12-08 06:51:52 trigproc man-db:amd64 2.8.3-2ubuntu0.1 <none>
2021-12-08 06:51:52 status half-configured man-db:amd64 2.8.3-2ubuntu0.1
2021-12-08 06:51:53 status installed man-db:amd64 2.8.3-2ubuntu0.1
2021-12-08 06:51:53 trigproc initramfs-tools:all 0.130ubuntu3.13 <none>
2021-12-08 06:51:53 status half-configured initramfs-tools:all 0.130ubuntu3.13
2021-12-08 06:52:10 status installed initramfs-tools:all 0.130ubuntu3.13
2021-12-08 06:52:13 startup archives unpack
2021-12-08 06:52:13 upgrade python-samba:amd64 2:4.7.6+dfsg~ubuntu-0ubuntu2.24 2:4.7.6+dfsg~ubuntu-0ubuntu2.26
2021-12-08 06:52:13 status half-configured python-samba:amd64 2:4.7.6+dfsg~ubuntu-0ubuntu2.24
2021-12-08 06:52:13 status unpacked python-samba:amd64 2:4.7.6+dfsg~ubuntu-0ubuntu2.24
2021-12-08 06:52:14 status half-installed python-samba:amd64 2:4.7.6+dfsg~ubuntu-0ubuntu2.24
2021-12-08 06:52:14 status half-installed python-samba:amd64 2:4.7.6+dfsg~ubuntu-0ubuntu2.24
2021-12-08 06:52:14 status unpacked python-samba:amd64 2:4.7.6+dfsg~ubuntu-0ubuntu2.26
2021-12-08 06:52:14 status unpacked python-samba:amd64 2:4.7.6+dfsg~ubuntu-0ubuntu2.26
2021-12-08 06:52:15 upgrade samba-common-bin:amd64 2:4.7.6+dfsg~ubuntu-0ubuntu2.24 2:4.7.6+dfsg~ubuntu-0ubuntu2.26
2021-12-08 06:52:15 status half-configured samba-common-bin:amd64 2:4.7.6+dfsg~ubuntu-0ubuntu2.24
2021-12-08 06:52:15 status unpacked samba-common-bin:amd64 2:4.7.6+dfsg~ubuntu-0ubuntu2.24
2021-12-08 06:52:15 status half-installed samba-common-bin:amd64 2:4.7.6+dfsg~ubuntu-0ubuntu2.24
2021-12-08 06:52:15 status triggers-pending man-db:amd64 2.8.3-2ubuntu0.1
2021-12-08 06:52:15 status half-installed samba-common-bin:amd64 2:4.7.6+dfsg~ubuntu-0ubuntu2.24
2021-12-08 06:52:15 status unpacked samba-common-bin:amd64 2:4.7.6+dfsg~ubuntu-0ubuntu2.26
2021-12-08 06:52:15 status unpacked samba-common-bin:amd64 2:4.7.6+dfsg~ubuntu-0ubuntu2.26
2021-12-08 06:52:15 upgrade samba-common:all 2:4.7.6+dfsg~ubuntu-0ubuntu2.24 2:4.7.6+dfsg~ubuntu-0ubuntu2.26
2021-12-08 06:52:15 status half-configured samba-common:all 2:4.7.6+dfsg~ubuntu-0ubuntu2.24
2021-12-08 06:52:15 status unpacked samba-common:all 2:4.7.6+dfsg~ubuntu-0ubuntu2.24
2021-12-08 06:52:15 status half-installed samba-common:all 2:4.7.6+dfsg~ubuntu-0ubuntu2.24
2021-12-08 06:52:15 status half-installed samba-common:all 2:4.7.6+dfsg~ubuntu-0ubuntu2.24
2021-12-08 06:52:15 status unpacked samba-common:all 2:4.7.6+dfsg~ubuntu-0ubuntu2.26
2021-12-08 06:52:15 status unpacked samba-common:all 2:4.7.6+dfsg~ubuntu-0ubuntu2.26
2021-12-08 06:52:15 upgrade samba-libs:amd64 2:4.7.6+dfsg~ubuntu-0ubuntu2.24 2:4.7.6+dfsg~ubuntu-0ubuntu2.26
2021-12-08 06:52:15 status triggers-pending libc-bin:amd64 2.27-3ubuntu1.4
2021-12-08 06:52:15 status half-configured samba-libs:amd64 2:4.7.6+dfsg~ubuntu-0ubuntu2.24
2021-12-08 06:52:15 status unpacked samba-libs:amd64 2:4.7.6+dfsg~ubuntu-0ubuntu2.24
2021-12-08 06:52:15 status half-installed samba-libs:amd64 2:4.7.6+dfsg~ubuntu-0ubuntu2.24
2021-12-08 06:52:17 status half-installed samba-libs:amd64 2:4.7.6+dfsg~ubuntu-0ubuntu2.24
2021-12-08 06:52:17 status unpacked samba-libs:amd64 2:4.7.6+dfsg~ubuntu-0ubuntu2.26
2021-12-08 06:52:17 status unpacked samba-libs:amd64 2:4.7.6+dfsg~ubuntu-0ubuntu2.26
2021-12-08 06:52:17 upgrade libwbclient0:amd64 2:4.7.6+dfsg~ubuntu-0ubuntu2.24 2:4.7.6+dfsg~ubuntu-0ubuntu2.26
2021-12-08 06:52:17 status half-configured libwbclient0:amd64 2:4.7.6+dfsg~ubuntu-0ubuntu2.24
2021-12-08 06:52:17 status unpacked libwbclient0:amd64 2:4.7.6+dfsg~ubuntu-0ubuntu2.24
2021-12-08 06:52:17 status half-installed libwbclient0:amd64 2:4.7.6+dfsg~ubuntu-0ubuntu2.24
2021-12-08 06:52:17 status half-installed libwbclient0:amd64 2:4.7.6+dfsg~ubuntu-0ubuntu2.24
2021-12-08 06:52:17 status unpacked libwbclient0:amd64 2:4.7.6+dfsg~ubuntu-0ubuntu2.26
2021-12-08 06:52:17 status unpacked libwbclient0:amd64 2:4.7.6+dfsg~ubuntu-0ubuntu2.26
2021-12-08 06:52:17 startup packages configure
2021-12-08 06:52:17 configure libwbclient0:amd64 2:4.7.6+dfsg~ubuntu-0ubuntu2.26 <none>
2021-12-08 06:52:17 status unpacked libwbclient0:amd64 2:4.7.6+dfsg~ubuntu-0ubuntu2.26
2021-12-08 06:52:17 status half-configured libwbclient0:amd64 2:4.7.6+dfsg~ubuntu-0ubuntu2.26
2021-12-08 06:52:17 status installed libwbclient0:amd64 2:4.7.6+dfsg~ubuntu-0ubuntu2.26
2021-12-08 06:52:17 configure samba-libs:amd64 2:4.7.6+dfsg~ubuntu-0ubuntu2.26 <none>
2021-12-08 06:52:17 status unpacked samba-libs:amd64 2:4.7.6+dfsg~ubuntu-0ubuntu2.26
2021-12-08 06:52:17 status half-configured samba-libs:amd64 2:4.7.6+dfsg~ubuntu-0ubuntu2.26
2021-12-08 06:52:17 status installed samba-libs:amd64 2:4.7.6+dfsg~ubuntu-0ubuntu2.26
2021-12-08 06:52:17 configure python-samba:amd64 2:4.7.6+dfsg~ubuntu-0ubuntu2.26 <none>
2021-12-08 06:52:17 status unpacked python-samba:amd64 2:4.7.6+dfsg~ubuntu-0ubuntu2.26
2021-12-08 06:52:17 status half-configured python-samba:amd64 2:4.7.6+dfsg~ubuntu-0ubuntu2.26
2021-12-08 06:52:18 status installed python-samba:amd64 2:4.7.6+dfsg~ubuntu-0ubuntu2.26
2021-12-08 06:52:18 configure samba-common:all 2:4.7.6+dfsg~ubuntu-0ubuntu2.26 <none>
2021-12-08 06:52:18 status unpacked samba-common:all 2:4.7.6+dfsg~ubuntu-0ubuntu2.26
2021-12-08 06:52:18 status unpacked samba-common:all 2:4.7.6+dfsg~ubuntu-0ubuntu2.26
2021-12-08 06:52:18 status unpacked samba-common:all 2:4.7.6+dfsg~ubuntu-0ubuntu2.26
2021-12-08 06:52:18 status unpacked samba-common:all 2:4.7.6+dfsg~ubuntu-0ubuntu2.26
2021-12-08 06:52:18 status half-configured samba-common:all 2:4.7.6+dfsg~ubuntu-0ubuntu2.26
2021-12-08 06:52:18 status installed samba-common:all 2:4.7.6+dfsg~ubuntu-0ubuntu2.26
2021-12-08 06:52:18 configure samba-common-bin:amd64 2:4.7.6+dfsg~ubuntu-0ubuntu2.26 <none>
2021-12-08 06:52:18 status unpacked samba-common-bin:amd64 2:4.7.6+dfsg~ubuntu-0ubuntu2.26
2021-12-08 06:52:18 status half-configured samba-common-bin:amd64 2:4.7.6+dfsg~ubuntu-0ubuntu2.26
2021-12-08 06:52:18 status installed samba-common-bin:amd64 2:4.7.6+dfsg~ubuntu-0ubuntu2.26
2021-12-08 06:52:18 trigproc man-db:amd64 2.8.3-2ubuntu0.1 <none>
2021-12-08 06:52:18 status half-configured man-db:amd64 2.8.3-2ubuntu0.1
2021-12-08 06:52:19 status installed man-db:amd64 2.8.3-2ubuntu0.1
2021-12-08 06:52:19 trigproc libc-bin:amd64 2.27-3ubuntu1.4 <none>
2021-12-08 06:52:19 status half-configured libc-bin:amd64 2.27-3ubuntu1.4
2021-12-08 06:52:19 status installed libc-bin:amd64 2.27-3ubuntu1.4
