+ /var/lib/waagent/Microsoft.Azure.Extensions.CustomScript-2.1.6/bin/custom-script-extension install
time=2021-12-07T11:06:20Z version=v2.1.6/git@fc181d8-dirty operation=install seq=0 event=start
time=2021-12-07T11:06:20Z version=v2.1.6/git@fc181d8-dirty operation=install seq=0 status="not reported for operation (by design)"
time=2021-12-07T11:06:20Z version=v2.1.6/git@fc181d8-dirty operation=install seq=0 event="migrate to mrseq" error="Can't find out seqnum from /var/lib/waagent/Microsoft.Azure.Extensions.CustomScript-2.1.6/status, not enough files"
time=2021-12-07T11:06:20Z version=v2.1.6/git@fc181d8-dirty operation=install seq=0 event="created data dir" path=/var/lib/waagent/custom-script
time=2021-12-07T11:06:20Z version=v2.1.6/git@fc181d8-dirty operation=install seq=0 event=installed
time=2021-12-07T11:06:20Z version=v2.1.6/git@fc181d8-dirty operation=install seq=0 status="not reported for operation (by design)"
time=2021-12-07T11:06:20Z version=v2.1.6/git@fc181d8-dirty operation=install seq=0 event=end
Writing a placeholder status file indicating progress before forking: /var/lib/waagent/Microsoft.Azure.Extensions.CustomScript-2.1.6/status/0.status
+ nohup /var/lib/waagent/Microsoft.Azure.Extensions.CustomScript-2.1.6/bin/custom-script-extension enable
time=2021-12-07T11:06:22Z version=v2.1.6/git@fc181d8-dirty operation=enable seq=0 event=start
time=2021-12-07T11:06:22Z version=v2.1.6/git@fc181d8-dirty operation=enable seq=0 event=pre-check
time=2021-12-07T11:06:22Z version=v2.1.6/git@fc181d8-dirty operation=enable seq=0 event="comparing seqnum" path=mrseq
time=2021-12-07T11:06:22Z version=v2.1.6/git@fc181d8-dirty operation=enable seq=0 event="seqnum saved" path=mrseq
time=2021-12-07T11:06:22Z version=v2.1.6/git@fc181d8-dirty operation=enable seq=0 event="reading configuration"
time=2021-12-07T11:06:22Z version=v2.1.6/git@fc181d8-dirty operation=enable seq=0 event="read configuration"
time=2021-12-07T11:06:22Z version=v2.1.6/git@fc181d8-dirty operation=enable seq=0 event="validating json schema"
time=2021-12-07T11:06:22Z version=v2.1.6/git@fc181d8-dirty operation=enable seq=0 event="json schema valid"
time=2021-12-07T11:06:22Z version=v2.1.6/git@fc181d8-dirty operation=enable seq=0 event="parsing configuration json"
time=2021-12-07T11:06:22Z version=v2.1.6/git@fc181d8-dirty operation=enable seq=0 event="parsed configuration json"
time=2021-12-07T11:06:22Z version=v2.1.6/git@fc181d8-dirty operation=enable seq=0 event="validating configuration logically"
time=2021-12-07T11:06:22Z version=v2.1.6/git@fc181d8-dirty operation=enable seq=0 event="validated configuration"
time=2021-12-07T11:06:22Z version=v2.1.6/git@fc181d8-dirty operation=enable seq=0 event="creating output directory" path=/var/lib/waagent/custom-script/download/0
time=2021-12-07T11:06:22Z version=v2.1.6/git@fc181d8-dirty operation=enable seq=0 event="created output directory"
time=2021-12-07T11:06:22Z version=v2.1.6/git@fc181d8-dirty operation=enable seq=0 files=1
time=2021-12-07T11:06:22Z version=v2.1.6/git@fc181d8-dirty operation=enable seq=0 file=0 event="download start"
time=2021-12-07T11:06:23Z version=v2.1.6/git@fc181d8-dirty operation=enable seq=0 file=0 event="download complete" output=/var/lib/waagent/custom-script/download/0
time=2021-12-07T11:06:23Z version=v2.1.6/git@fc181d8-dirty operation=enable seq=0 event="executing command" output=/var/lib/waagent/custom-script/download/0
time=2021-12-07T11:06:23Z version=v2.1.6/git@fc181d8-dirty operation=enable seq=0 event="executing protected commandToExecute" output=/var/lib/waagent/custom-script/download/0
time=2021-12-07T11:06:23Z version=v2.1.6/git@fc181d8-dirty operation=enable seq=0 event="failed to execute command" error="command terminated with exit status=2" output=/var/lib/waagent/custom-script/download/0
time=2021-12-07T11:06:23Z version=v2.1.6/git@fc181d8-dirty operation=enable seq=0 event="enable failed"
time=2021-12-07T11:06:23Z version=v2.1.6/git@fc181d8-dirty operation=enable seq=0 event="failed to handle" error="failed to execute command: command terminated with exit status=2"
